[2022-12-05 04:50:28,691] INFO [Partition testname3-0 broker=1] No checkpointed highwatermark is found for partition testname3-0 (kafka.cluster.Partition)
[2022-12-05 04:50:28,691] INFO [Partition testname3-0 broker=1] No checkpointed highwatermark is found for partition testname3-0 (kafka.cluster.Partition)
[2022-12-05 04:50:43,727] INFO [KafkaApi-1] Auto creation of topic __consumer_offsets with 50 partitions and replication factor 1 is successful (kafka.server.KafkaApis)
[2022-12-05 04:50:43,727] INFO [KafkaApi-1] Auto creation of topic __consumer_offsets with 50 partitions and replication factor 1 is successful (kafka.server.KafkaApis)
[2022-12-05 04:50:44,060] INFO [Partition __consumer_offsets-29 broker=1] No checkpointed highwatermark is found for partition __consumer_offsets-29 (kafka.cluster.Partition)
[2022-12-05 04:50:44,060] INFO [Partition __consumer_offsets-29 broker=1] No checkpointed highwatermark is found for partition __consumer_offsets-29 (kafka.cluster.Partition)
[2022-12-05 04:50:44,061] INFO [Partition __consumer_offsets-29 broker=1] __consumer_offsets-29 starts at Leader Epoch 0 from offset 0. Previous Leader Epoch was: -1 (kafka.cluster.Partition)
[2022-12-05 04:50:44,061] INFO [Partition __consumer_offsets-29 broker=1] __consumer_offsets-29 starts at Leader Epoch 0 from offset 0. Previous Leader Epoch was: -1 (kafka.cluster.Partition)
[2022-12-05 04:50:44,074] INFO [Partition __consumer_offsets-26 broker=1] No checkpointed highwatermark is found for partition __consumer_offsets-26 (kafka.cluster.Partition)
[2022-12-05 04:50:44,074] INFO [Partition __consumer_offsets-26 broker=1] No checkpointed highwatermark is found for partition __consumer_offsets-26 (kafka.cluster.Partition)
[2022-12-05 04:50:44,074] INFO [Partition __consumer_offsets-26 broker=1] __consumer_offsets-26 starts at Leader Epoch 0 from offset 0. Previous Leader Epoch was: -1 (kafka.cluster.Partition)
[2022-12-05 04:50:44,074] INFO [Partition __consumer_offsets-26 broker=1] __consumer_offsets-26 starts at Leader Epoch 0 from offset 0. Previous Leader Epoch was: -1 (kafka.cluster.Partition)
[2022-12-05 04:50:44,077] INFO [Partition __consumer_offsets-23 broker=1] No checkpointed highwatermark is found for partition __consumer_offsets-23 (kafka.cluster.Partition)
[2022-12-05 04:50:44,077] INFO [Partition __consumer_offsets-23 broker=1] No checkpointed highwatermark is found for partition __consumer_offsets-23 (kafka.cluster.Partition)
[2022-12-05 04:50:44,078] INFO [Partition __consumer_offsets-23 broker=1] __consumer_offsets-23 starts at Leader Epoch 0 from offset 0. Previous Leader Epoch was: -1 (kafka.cluster.Partition)
[2022-12-05 04:50:44,078] INFO [Partition __consumer_offsets-23 broker=1] __consumer_offsets-23 starts at Leader Epoch 0 from offset 0. Previous Leader Epoch was: -1 (kafka.cluster.Partition)
[2022-12-05 04:50:44,081] INFO [Partition __consumer_offsets-20 broker=1] No checkpointed highwatermark is found for partition __consumer_offsets-20 (kafka.cluster.Partition)
[2022-12-05 04:50:44,081] INFO [Partition __consumer_offsets-20 broker=1] No checkpointed highwatermark is found for partition __consumer_offsets-20 (kafka.cluster.Partition)
[2022-12-05 04:50:44,081] INFO [Partition __consumer_offsets-20 broker=1] __consumer_offsets-20 starts at Leader Epoch 0 from offset 0. Previous Leader Epoch was: -1 (kafka.cluster.Partition)
[2022-12-05 04:50:44,081] INFO [Partition __consumer_offsets-20 broker=1] __consumer_offsets-20 starts at Leader Epoch 0 from offset 0. Previous Leader Epoch was: -1 (kafka.cluster.Partition)
[2022-12-05 04:50:44,084] INFO [Partition __consumer_offsets-17 broker=1] No checkpointed highwatermark is found for partition __consumer_offsets-17 (kafka.cluster.Partition)
[2022-12-05 04:50:44,084] INFO [Partition __consumer_offsets-17 broker=1] No checkpointed highwatermark is found for partition __consumer_offsets-17 (kafka.cluster.Partition)
[2022-12-05 04:50:44,085] INFO [Partition __consumer_offsets-17 broker=1] __consumer_offsets-17 starts at Leader Epoch 0 from offset 0. Previous Leader Epoch was: -1 (kafka.cluster.Partition)
[2022-12-05 04:50:44,085] INFO [Partition __consumer_offsets-17 broker=1] __consumer_offsets-17 starts at Leader Epoch 0 from offset 0. Previous Leader Epoch was: -1 (kafka.cluster.Partition)
[2022-12-05 04:50:44,088] INFO [Partition __consumer_offsets-14 broker=1] No checkpointed highwatermark is found for partition __consumer_offsets-14 (kafka.cluster.Partition)
[2022-12-05 04:50:44,088] INFO [Partition __consumer_offsets-14 broker=1] No checkpointed highwatermark is found for partition __consumer_offsets-14 (kafka.cluster.Partition)
[2022-12-05 04:50:44,088] INFO [Partition __consumer_offsets-14 broker=1] __consumer_offsets-14 starts at Leader Epoch 0 from offset 0. Previous Leader Epoch was: -1 (kafka.cluster.Partition)
[2022-12-05 04:50:44,088] INFO [Partition __consumer_offsets-14 broker=1] __consumer_offsets-14 starts at Leader Epoch 0 from offset 0. Previous Leader Epoch was: -1 (kafka.cluster.Partition)
[2022-12-05 04:50:44,092] INFO [Partition __consumer_offsets-11 broker=1] No checkpointed highwatermark is found for partition __consumer_offsets-11 (kafka.cluster.Partition)
[2022-12-05 04:50:44,092] INFO [Partition __consumer_offsets-11 broker=1] No checkpointed highwatermark is found for partition __consumer_offsets-11 (kafka.cluster.Partition)
[2022-12-05 04:50:44,092] INFO [Partition __consumer_offsets-11 broker=1] __consumer_offsets-11 starts at Leader Epoch 0 from offset 0. Previous Leader Epoch was: -1 (kafka.cluster.Partition)
[2022-12-05 04:50:44,092] INFO [Partition __consumer_offsets-11 broker=1] __consumer_offsets-11 starts at Leader Epoch 0 from offset 0. Previous Leader Epoch was: -1 (kafka.cluster.Partition)
[2022-12-05 04:50:44,095] INFO [Partition __consumer_offsets-8 broker=1] No checkpointed highwatermark is found for partition __consumer_offsets-8 (kafka.cluster.Partition)
[2022-12-05 04:50:44,095] INFO [Partition __consumer_offsets-8 broker=1] No checkpointed highwatermark is found for partition __consumer_offsets-8 (kafka.cluster.Partition)
[2022-12-05 04:50:44,095] INFO [Partition __consumer_offsets-8 broker=1] __consumer_offsets-8 starts at Leader Epoch 0 from offset 0. Previous Leader Epoch was: -1 (kafka.cluster.Partition)
[2022-12-05 04:50:44,095] INFO [Partition __consumer_offsets-8 broker=1] __consumer_offsets-8 starts at Leader Epoch 0 from offset 0. Previous Leader Epoch was: -1 (kafka.cluster.Partition)
[2022-12-05 04:50:44,098] INFO [Partition __consumer_offsets-5 broker=1] No checkpointed highwatermark is found for partition __consumer_offsets-5 (kafka.cluster.Partition)
[2022-12-05 04:50:44,098] INFO [Partition __consumer_offsets-5 broker=1] No checkpointed highwatermark is found for partition __consumer_offsets-5 (kafka.cluster.Partition)
[2022-12-05 04:50:44,099] INFO [Partition __consumer_offsets-5 broker=1] __consumer_offsets-5 starts at Leader Epoch 0 from offset 0. Previous Leader Epoch was: -1 (kafka.cluster.Partition)
[2022-12-05 04:50:44,099] INFO [Partition __consumer_offsets-5 broker=1] __consumer_offsets-5 starts at Leader Epoch 0 from offset 0. Previous Leader Epoch was: -1 (kafka.cluster.Partition)
[2022-12-05 04:50:44,102] INFO [Partition __consumer_offsets-2 broker=1] No checkpointed highwatermark is found for partition __consumer_offsets-2 (kafka.cluster.Partition)
[2022-12-05 04:50:44,102] INFO [Partition __consumer_offsets-2 broker=1] No checkpointed highwatermark is found for partition __consumer_offsets-2 (kafka.cluster.Partition)
[2022-12-05 04:50:44,102] INFO [Partition __consumer_offsets-2 broker=1] __consumer_offsets-2 starts at Leader Epoch 0 from offset 0. Previous Leader Epoch was: -1 (kafka.cluster.Partition)
[2022-12-05 04:50:44,102] INFO [Partition __consumer_offsets-2 broker=1] __consumer_offsets-2 starts at Leader Epoch 0 from offset 0. Previous Leader Epoch was: -1 (kafka.cluster.Partition)
[2022-12-05 04:50:44,105] INFO [Partition __consumer_offsets-47 broker=1] No checkpointed highwatermark is found for partition __consumer_offsets-47 (kafka.cluster.Partition)
[2022-12-05 04:50:44,105] INFO [Partition __consumer_offsets-47 broker=1] No checkpointed highwatermark is found for partition __consumer_offsets-47 (kafka.cluster.Partition)
[2022-12-05 04:50:44,105] INFO [Partition __consumer_offsets-47 broker=1] __consumer_offsets-47 starts at Leader Epoch 0 from offset 0. Previous Leader Epoch was: -1 (kafka.cluster.Partition)
[2022-12-05 04:50:44,105] INFO [Partition __consumer_offsets-47 broker=1] __consumer_offsets-47 starts at Leader Epoch 0 from offset 0. Previous Leader Epoch was: -1 (kafka.cluster.Partition)
[2022-12-05 04:50:44,108] INFO [Partition __consumer_offsets-38 broker=1] No checkpointed highwatermark is found for partition __consumer_offsets-38 (kafka.cluster.Partition)
[2022-12-05 04:50:44,108] INFO [Partition __consumer_offsets-38 broker=1] No checkpointed highwatermark is found for partition __consumer_offsets-38 (kafka.cluster.Partition)
[2022-12-05 04:50:44,108] INFO [Partition __consumer_offsets-38 broker=1] __consumer_offsets-38 starts at Leader Epoch 0 from offset 0. Previous Leader Epoch was: -1 (kafka.cluster.Partition)
[2022-12-05 04:50:44,108] INFO [Partition __consumer_offsets-38 broker=1] __consumer_offsets-38 starts at Leader Epoch 0 from offset 0. Previous Leader Epoch was: -1 (kafka.cluster.Partition)
[2022-12-05 04:50:44,111] INFO [Partition __consumer_offsets-35 broker=1] No checkpointed highwatermark is found for partition __consumer_offsets-35 (kafka.cluster.Partition)
[2022-12-05 04:50:44,111] INFO [Partition __consumer_offsets-35 broker=1] No checkpointed highwatermark is found for partition __consumer_offsets-35 (kafka.cluster.Partition)
[2022-12-05 04:50:44,111] INFO [Partition __consumer_offsets-35 broker=1] __consumer_offsets-35 starts at Leader Epoch 0 from offset 0. Previous Leader Epoch was: -1 (kafka.cluster.Partition)
[2022-12-05 04:50:44,111] INFO [Partition __consumer_offsets-35 broker=1] __consumer_offsets-35 starts at Leader Epoch 0 from offset 0. Previous Leader Epoch was: -1 (kafka.cluster.Partition)
[2022-12-05 04:50:44,114] INFO [Partition __consumer_offsets-44 broker=1] No checkpointed highwatermark is found for partition __consumer_offsets-44 (kafka.cluster.Partition)
[2022-12-05 04:50:44,114] INFO [Partition __consumer_offsets-44 broker=1] No checkpointed highwatermark is found for partition __consumer_offsets-44 (kafka.cluster.Partition)
[2022-12-05 04:50:44,114] INFO [Partition __consumer_offsets-44 broker=1] __consumer_offsets-44 starts at Leader Epoch 0 from offset 0. Previous Leader Epoch was: -1 (kafka.cluster.Partition)
[2022-12-05 04:50:44,114] INFO [Partition __consumer_offsets-44 broker=1] __consumer_offsets-44 starts at Leader Epoch 0 from offset 0. Previous Leader Epoch was: -1 (kafka.cluster.Partition)
[2022-12-05 04:50:44,146] INFO [Partition __consumer_offsets-32 broker=1] No checkpointed highwatermark is found for partition __consumer_offsets-32 (kafka.cluster.Partition)
[2022-12-05 04:50:44,146] INFO [Partition __consumer_offsets-32 broker=1] No checkpointed highwatermark is found for partition __consumer_offsets-32 (kafka.cluster.Partition)
[2022-12-05 04:50:44,146] INFO [Partition __consumer_offsets-32 broker=1] __consumer_offsets-32 starts at Leader Epoch 0 from offset 0. Previous Leader Epoch was: -1 (kafka.cluster.Partition)
[2022-12-05 04:50:44,146] INFO [Partition __consumer_offsets-32 broker=1] __consumer_offsets-32 starts at Leader Epoch 0 from offset 0. Previous Leader Epoch was: -1 (kafka.cluster.Partition)
[2022-12-05 04:50:44,150] INFO [Partition __consumer_offsets-41 broker=1] No checkpointed highwatermark is found for partition __consumer_offsets-41 (kafka.cluster.Partition)
[2022-12-05 04:50:44,150] INFO [Partition __consumer_offsets-41 broker=1] No checkpointed highwatermark is found for partition __consumer_offsets-41 (kafka.cluster.Partition)
[2022-12-05 04:50:44,151] INFO [Partition __consumer_offsets-41 broker=1] __consumer_offsets-41 starts at Leader Epoch 0 from offset 0. Previous Leader Epoch was: -1 (kafka.cluster.Partition)
[2022-12-05 04:50:44,151] INFO [Partition __consumer_offsets-41 broker=1] __consumer_offsets-41 starts at Leader Epoch 0 from offset 0. Previous Leader Epoch was: -1 (kafka.cluster.Partition)
[2022-12-05 04:50:44,332] WARN [Log partition=__consumer_offsets-29, dir=/dev/shm/kafka-logs] ~~~  updateLogEndOffset: messageOffset=1, activeSegment.baseOffset=0, activeSegment.size=136, timestamp=1670215844331848 (kafka.log.Log)
[2022-12-05 04:50:44,332] WARN [Log partition=__consumer_offsets-29, dir=/dev/shm/kafka-logs] ~~~  updateLogEndOffset: messageOffset=1, activeSegment.baseOffset=0, activeSegment.size=136, timestamp=1670215844331848 (kafka.log.Log)
[2022-12-05 04:50:44,334] INFO [Partition __consumer_offsets-29 broker=1] .~~~  Partition maybeincrementLeaderHW : newHW=(offset=1 segment=[0:136]),timestamp=1670215844334689 (kafka.cluster.Partition)
[2022-12-05 04:50:44,334] INFO [Partition __consumer_offsets-29 broker=1] .~~~  Partition maybeincrementLeaderHW : newHW=(offset=1 segment=[0:136]),timestamp=1670215844334689 (kafka.cluster.Partition)
