[2022-12-05 02:34:05,456] INFO [Partition testname3-0 broker=0] No checkpointed highwatermark is found for partition testname3-0 (kafka.cluster.Partition)
[2022-12-05 02:34:05,456] INFO [Partition testname3-0 broker=0] No checkpointed highwatermark is found for partition testname3-0 (kafka.cluster.Partition)
[2022-12-05 02:34:20,189] INFO [Partition __consumer_offsets-0 broker=0] No checkpointed highwatermark is found for partition __consumer_offsets-0 (kafka.cluster.Partition)
[2022-12-05 02:34:20,189] INFO [Partition __consumer_offsets-0 broker=0] No checkpointed highwatermark is found for partition __consumer_offsets-0 (kafka.cluster.Partition)
[2022-12-05 02:34:20,192] INFO [Partition __consumer_offsets-0 broker=0] __consumer_offsets-0 starts at Leader Epoch 0 from offset 0. Previous Leader Epoch was: -1 (kafka.cluster.Partition)
[2022-12-05 02:34:20,192] INFO [Partition __consumer_offsets-0 broker=0] __consumer_offsets-0 starts at Leader Epoch 0 from offset 0. Previous Leader Epoch was: -1 (kafka.cluster.Partition)
[2022-12-05 02:34:20,206] INFO [Partition __consumer_offsets-48 broker=0] No checkpointed highwatermark is found for partition __consumer_offsets-48 (kafka.cluster.Partition)
[2022-12-05 02:34:20,206] INFO [Partition __consumer_offsets-48 broker=0] No checkpointed highwatermark is found for partition __consumer_offsets-48 (kafka.cluster.Partition)
[2022-12-05 02:34:20,206] INFO [Partition __consumer_offsets-48 broker=0] __consumer_offsets-48 starts at Leader Epoch 0 from offset 0. Previous Leader Epoch was: -1 (kafka.cluster.Partition)
[2022-12-05 02:34:20,206] INFO [Partition __consumer_offsets-48 broker=0] __consumer_offsets-48 starts at Leader Epoch 0 from offset 0. Previous Leader Epoch was: -1 (kafka.cluster.Partition)
[2022-12-05 02:34:20,246] INFO [Partition __consumer_offsets-45 broker=0] No checkpointed highwatermark is found for partition __consumer_offsets-45 (kafka.cluster.Partition)
[2022-12-05 02:34:20,246] INFO [Partition __consumer_offsets-45 broker=0] No checkpointed highwatermark is found for partition __consumer_offsets-45 (kafka.cluster.Partition)
[2022-12-05 02:34:20,246] INFO [Partition __consumer_offsets-45 broker=0] __consumer_offsets-45 starts at Leader Epoch 0 from offset 0. Previous Leader Epoch was: -1 (kafka.cluster.Partition)
[2022-12-05 02:34:20,246] INFO [Partition __consumer_offsets-45 broker=0] __consumer_offsets-45 starts at Leader Epoch 0 from offset 0. Previous Leader Epoch was: -1 (kafka.cluster.Partition)
[2022-12-05 02:34:20,252] INFO [Partition __consumer_offsets-42 broker=0] No checkpointed highwatermark is found for partition __consumer_offsets-42 (kafka.cluster.Partition)
[2022-12-05 02:34:20,252] INFO [Partition __consumer_offsets-42 broker=0] No checkpointed highwatermark is found for partition __consumer_offsets-42 (kafka.cluster.Partition)
[2022-12-05 02:34:20,252] INFO [Partition __consumer_offsets-42 broker=0] __consumer_offsets-42 starts at Leader Epoch 0 from offset 0. Previous Leader Epoch was: -1 (kafka.cluster.Partition)
[2022-12-05 02:34:20,252] INFO [Partition __consumer_offsets-42 broker=0] __consumer_offsets-42 starts at Leader Epoch 0 from offset 0. Previous Leader Epoch was: -1 (kafka.cluster.Partition)
[2022-12-05 02:34:20,256] INFO [Partition __consumer_offsets-39 broker=0] No checkpointed highwatermark is found for partition __consumer_offsets-39 (kafka.cluster.Partition)
[2022-12-05 02:34:20,256] INFO [Partition __consumer_offsets-39 broker=0] No checkpointed highwatermark is found for partition __consumer_offsets-39 (kafka.cluster.Partition)
[2022-12-05 02:34:20,256] INFO [Partition __consumer_offsets-39 broker=0] __consumer_offsets-39 starts at Leader Epoch 0 from offset 0. Previous Leader Epoch was: -1 (kafka.cluster.Partition)
[2022-12-05 02:34:20,256] INFO [Partition __consumer_offsets-39 broker=0] __consumer_offsets-39 starts at Leader Epoch 0 from offset 0. Previous Leader Epoch was: -1 (kafka.cluster.Partition)
[2022-12-05 02:34:20,260] INFO [Partition __consumer_offsets-36 broker=0] No checkpointed highwatermark is found for partition __consumer_offsets-36 (kafka.cluster.Partition)
[2022-12-05 02:34:20,260] INFO [Partition __consumer_offsets-36 broker=0] No checkpointed highwatermark is found for partition __consumer_offsets-36 (kafka.cluster.Partition)
[2022-12-05 02:34:20,260] INFO [Partition __consumer_offsets-36 broker=0] __consumer_offsets-36 starts at Leader Epoch 0 from offset 0. Previous Leader Epoch was: -1 (kafka.cluster.Partition)
[2022-12-05 02:34:20,260] INFO [Partition __consumer_offsets-36 broker=0] __consumer_offsets-36 starts at Leader Epoch 0 from offset 0. Previous Leader Epoch was: -1 (kafka.cluster.Partition)
[2022-12-05 02:34:20,264] INFO [Partition __consumer_offsets-33 broker=0] No checkpointed highwatermark is found for partition __consumer_offsets-33 (kafka.cluster.Partition)
[2022-12-05 02:34:20,264] INFO [Partition __consumer_offsets-33 broker=0] No checkpointed highwatermark is found for partition __consumer_offsets-33 (kafka.cluster.Partition)
[2022-12-05 02:34:20,264] INFO [Partition __consumer_offsets-33 broker=0] __consumer_offsets-33 starts at Leader Epoch 0 from offset 0. Previous Leader Epoch was: -1 (kafka.cluster.Partition)
[2022-12-05 02:34:20,264] INFO [Partition __consumer_offsets-33 broker=0] __consumer_offsets-33 starts at Leader Epoch 0 from offset 0. Previous Leader Epoch was: -1 (kafka.cluster.Partition)
[2022-12-05 02:34:20,267] INFO [Partition __consumer_offsets-30 broker=0] No checkpointed highwatermark is found for partition __consumer_offsets-30 (kafka.cluster.Partition)
[2022-12-05 02:34:20,267] INFO [Partition __consumer_offsets-30 broker=0] No checkpointed highwatermark is found for partition __consumer_offsets-30 (kafka.cluster.Partition)
[2022-12-05 02:34:20,267] INFO [Partition __consumer_offsets-30 broker=0] __consumer_offsets-30 starts at Leader Epoch 0 from offset 0. Previous Leader Epoch was: -1 (kafka.cluster.Partition)
[2022-12-05 02:34:20,267] INFO [Partition __consumer_offsets-30 broker=0] __consumer_offsets-30 starts at Leader Epoch 0 from offset 0. Previous Leader Epoch was: -1 (kafka.cluster.Partition)
[2022-12-05 02:34:20,270] INFO [Partition __consumer_offsets-27 broker=0] No checkpointed highwatermark is found for partition __consumer_offsets-27 (kafka.cluster.Partition)
[2022-12-05 02:34:20,270] INFO [Partition __consumer_offsets-27 broker=0] No checkpointed highwatermark is found for partition __consumer_offsets-27 (kafka.cluster.Partition)
[2022-12-05 02:34:20,270] INFO [Partition __consumer_offsets-27 broker=0] __consumer_offsets-27 starts at Leader Epoch 0 from offset 0. Previous Leader Epoch was: -1 (kafka.cluster.Partition)
[2022-12-05 02:34:20,270] INFO [Partition __consumer_offsets-27 broker=0] __consumer_offsets-27 starts at Leader Epoch 0 from offset 0. Previous Leader Epoch was: -1 (kafka.cluster.Partition)
[2022-12-05 02:34:20,273] INFO [Partition __consumer_offsets-24 broker=0] No checkpointed highwatermark is found for partition __consumer_offsets-24 (kafka.cluster.Partition)
[2022-12-05 02:34:20,273] INFO [Partition __consumer_offsets-24 broker=0] No checkpointed highwatermark is found for partition __consumer_offsets-24 (kafka.cluster.Partition)
[2022-12-05 02:34:20,273] INFO [Partition __consumer_offsets-24 broker=0] __consumer_offsets-24 starts at Leader Epoch 0 from offset 0. Previous Leader Epoch was: -1 (kafka.cluster.Partition)
[2022-12-05 02:34:20,273] INFO [Partition __consumer_offsets-24 broker=0] __consumer_offsets-24 starts at Leader Epoch 0 from offset 0. Previous Leader Epoch was: -1 (kafka.cluster.Partition)
[2022-12-05 02:34:20,276] INFO [Partition __consumer_offsets-21 broker=0] No checkpointed highwatermark is found for partition __consumer_offsets-21 (kafka.cluster.Partition)
[2022-12-05 02:34:20,276] INFO [Partition __consumer_offsets-21 broker=0] No checkpointed highwatermark is found for partition __consumer_offsets-21 (kafka.cluster.Partition)
[2022-12-05 02:34:20,276] INFO [Partition __consumer_offsets-21 broker=0] __consumer_offsets-21 starts at Leader Epoch 0 from offset 0. Previous Leader Epoch was: -1 (kafka.cluster.Partition)
[2022-12-05 02:34:20,276] INFO [Partition __consumer_offsets-21 broker=0] __consumer_offsets-21 starts at Leader Epoch 0 from offset 0. Previous Leader Epoch was: -1 (kafka.cluster.Partition)
[2022-12-05 02:34:20,279] INFO [Partition __consumer_offsets-18 broker=0] No checkpointed highwatermark is found for partition __consumer_offsets-18 (kafka.cluster.Partition)
[2022-12-05 02:34:20,279] INFO [Partition __consumer_offsets-18 broker=0] No checkpointed highwatermark is found for partition __consumer_offsets-18 (kafka.cluster.Partition)
[2022-12-05 02:34:20,279] INFO [Partition __consumer_offsets-18 broker=0] __consumer_offsets-18 starts at Leader Epoch 0 from offset 0. Previous Leader Epoch was: -1 (kafka.cluster.Partition)
[2022-12-05 02:34:20,279] INFO [Partition __consumer_offsets-18 broker=0] __consumer_offsets-18 starts at Leader Epoch 0 from offset 0. Previous Leader Epoch was: -1 (kafka.cluster.Partition)
[2022-12-05 02:34:20,282] INFO [Partition __consumer_offsets-15 broker=0] No checkpointed highwatermark is found for partition __consumer_offsets-15 (kafka.cluster.Partition)
[2022-12-05 02:34:20,282] INFO [Partition __consumer_offsets-15 broker=0] No checkpointed highwatermark is found for partition __consumer_offsets-15 (kafka.cluster.Partition)
[2022-12-05 02:34:20,282] INFO [Partition __consumer_offsets-15 broker=0] __consumer_offsets-15 starts at Leader Epoch 0 from offset 0. Previous Leader Epoch was: -1 (kafka.cluster.Partition)
[2022-12-05 02:34:20,282] INFO [Partition __consumer_offsets-15 broker=0] __consumer_offsets-15 starts at Leader Epoch 0 from offset 0. Previous Leader Epoch was: -1 (kafka.cluster.Partition)
[2022-12-05 02:34:20,285] INFO [Partition __consumer_offsets-12 broker=0] No checkpointed highwatermark is found for partition __consumer_offsets-12 (kafka.cluster.Partition)
[2022-12-05 02:34:20,285] INFO [Partition __consumer_offsets-12 broker=0] No checkpointed highwatermark is found for partition __consumer_offsets-12 (kafka.cluster.Partition)
[2022-12-05 02:34:20,285] INFO [Partition __consumer_offsets-12 broker=0] __consumer_offsets-12 starts at Leader Epoch 0 from offset 0. Previous Leader Epoch was: -1 (kafka.cluster.Partition)
[2022-12-05 02:34:20,285] INFO [Partition __consumer_offsets-12 broker=0] __consumer_offsets-12 starts at Leader Epoch 0 from offset 0. Previous Leader Epoch was: -1 (kafka.cluster.Partition)
[2022-12-05 02:34:20,288] INFO [Partition __consumer_offsets-9 broker=0] No checkpointed highwatermark is found for partition __consumer_offsets-9 (kafka.cluster.Partition)
[2022-12-05 02:34:20,288] INFO [Partition __consumer_offsets-9 broker=0] No checkpointed highwatermark is found for partition __consumer_offsets-9 (kafka.cluster.Partition)
[2022-12-05 02:34:20,288] INFO [Partition __consumer_offsets-9 broker=0] __consumer_offsets-9 starts at Leader Epoch 0 from offset 0. Previous Leader Epoch was: -1 (kafka.cluster.Partition)
[2022-12-05 02:34:20,288] INFO [Partition __consumer_offsets-9 broker=0] __consumer_offsets-9 starts at Leader Epoch 0 from offset 0. Previous Leader Epoch was: -1 (kafka.cluster.Partition)
[2022-12-05 02:34:20,291] INFO [Partition __consumer_offsets-6 broker=0] No checkpointed highwatermark is found for partition __consumer_offsets-6 (kafka.cluster.Partition)
[2022-12-05 02:34:20,291] INFO [Partition __consumer_offsets-6 broker=0] No checkpointed highwatermark is found for partition __consumer_offsets-6 (kafka.cluster.Partition)
[2022-12-05 02:34:20,291] INFO [Partition __consumer_offsets-6 broker=0] __consumer_offsets-6 starts at Leader Epoch 0 from offset 0. Previous Leader Epoch was: -1 (kafka.cluster.Partition)
[2022-12-05 02:34:20,291] INFO [Partition __consumer_offsets-6 broker=0] __consumer_offsets-6 starts at Leader Epoch 0 from offset 0. Previous Leader Epoch was: -1 (kafka.cluster.Partition)
[2022-12-05 02:34:20,294] INFO [Partition __consumer_offsets-3 broker=0] No checkpointed highwatermark is found for partition __consumer_offsets-3 (kafka.cluster.Partition)
[2022-12-05 02:34:20,294] INFO [Partition __consumer_offsets-3 broker=0] No checkpointed highwatermark is found for partition __consumer_offsets-3 (kafka.cluster.Partition)
[2022-12-05 02:34:20,294] INFO [Partition __consumer_offsets-3 broker=0] __consumer_offsets-3 starts at Leader Epoch 0 from offset 0. Previous Leader Epoch was: -1 (kafka.cluster.Partition)
[2022-12-05 02:34:20,294] INFO [Partition __consumer_offsets-3 broker=0] __consumer_offsets-3 starts at Leader Epoch 0 from offset 0. Previous Leader Epoch was: -1 (kafka.cluster.Partition)
[2022-12-05 02:34:20,438] WARN [Log partition=__consumer_offsets-45, dir=/dev/shm/kafka-logs] ~~~  updateLogEndOffset: messageOffset=1, activeSegment.baseOffset=0, activeSegment.size=136, timestamp=1670207660438156 (kafka.log.Log)
[2022-12-05 02:34:20,438] WARN [Log partition=__consumer_offsets-45, dir=/dev/shm/kafka-logs] ~~~  updateLogEndOffset: messageOffset=1, activeSegment.baseOffset=0, activeSegment.size=136, timestamp=1670207660438156 (kafka.log.Log)
[2022-12-05 02:34:20,441] INFO [Partition __consumer_offsets-45 broker=0] .~~~  Partition maybeincrementLeaderHW : newHW=(offset=1 segment=[0:136]),timestamp=1670207660440886 (kafka.cluster.Partition)
[2022-12-05 02:34:20,441] INFO [Partition __consumer_offsets-45 broker=0] .~~~  Partition maybeincrementLeaderHW : newHW=(offset=1 segment=[0:136]),timestamp=1670207660440886 (kafka.cluster.Partition)
