[2022-12-05 03:32:56,051] INFO [Partition testname3-0 broker=1] No checkpointed highwatermark is found for partition testname3-0 (kafka.cluster.Partition)
[2022-12-05 03:32:56,051] INFO [Partition testname3-0 broker=1] No checkpointed highwatermark is found for partition testname3-0 (kafka.cluster.Partition)
[2022-12-05 03:33:11,174] INFO [Partition __consumer_offsets-10 broker=1] No checkpointed highwatermark is found for partition __consumer_offsets-10 (kafka.cluster.Partition)
[2022-12-05 03:33:11,174] INFO [Partition __consumer_offsets-10 broker=1] No checkpointed highwatermark is found for partition __consumer_offsets-10 (kafka.cluster.Partition)
[2022-12-05 03:33:11,176] INFO [Partition __consumer_offsets-10 broker=1] __consumer_offsets-10 starts at Leader Epoch 0 from offset 0. Previous Leader Epoch was: -1 (kafka.cluster.Partition)
[2022-12-05 03:33:11,176] INFO [Partition __consumer_offsets-10 broker=1] __consumer_offsets-10 starts at Leader Epoch 0 from offset 0. Previous Leader Epoch was: -1 (kafka.cluster.Partition)
[2022-12-05 03:33:11,188] INFO [Partition __consumer_offsets-7 broker=1] No checkpointed highwatermark is found for partition __consumer_offsets-7 (kafka.cluster.Partition)
[2022-12-05 03:33:11,188] INFO [Partition __consumer_offsets-7 broker=1] No checkpointed highwatermark is found for partition __consumer_offsets-7 (kafka.cluster.Partition)
[2022-12-05 03:33:11,189] INFO [Partition __consumer_offsets-7 broker=1] __consumer_offsets-7 starts at Leader Epoch 0 from offset 0. Previous Leader Epoch was: -1 (kafka.cluster.Partition)
[2022-12-05 03:33:11,189] INFO [Partition __consumer_offsets-7 broker=1] __consumer_offsets-7 starts at Leader Epoch 0 from offset 0. Previous Leader Epoch was: -1 (kafka.cluster.Partition)
[2022-12-05 03:33:11,192] INFO [Partition __consumer_offsets-4 broker=1] No checkpointed highwatermark is found for partition __consumer_offsets-4 (kafka.cluster.Partition)
[2022-12-05 03:33:11,192] INFO [Partition __consumer_offsets-4 broker=1] No checkpointed highwatermark is found for partition __consumer_offsets-4 (kafka.cluster.Partition)
[2022-12-05 03:33:11,192] INFO [Partition __consumer_offsets-4 broker=1] __consumer_offsets-4 starts at Leader Epoch 0 from offset 0. Previous Leader Epoch was: -1 (kafka.cluster.Partition)
[2022-12-05 03:33:11,192] INFO [Partition __consumer_offsets-4 broker=1] __consumer_offsets-4 starts at Leader Epoch 0 from offset 0. Previous Leader Epoch was: -1 (kafka.cluster.Partition)
[2022-12-05 03:33:11,196] INFO [Partition __consumer_offsets-1 broker=1] No checkpointed highwatermark is found for partition __consumer_offsets-1 (kafka.cluster.Partition)
[2022-12-05 03:33:11,196] INFO [Partition __consumer_offsets-1 broker=1] No checkpointed highwatermark is found for partition __consumer_offsets-1 (kafka.cluster.Partition)
[2022-12-05 03:33:11,196] INFO [Partition __consumer_offsets-1 broker=1] __consumer_offsets-1 starts at Leader Epoch 0 from offset 0. Previous Leader Epoch was: -1 (kafka.cluster.Partition)
[2022-12-05 03:33:11,196] INFO [Partition __consumer_offsets-1 broker=1] __consumer_offsets-1 starts at Leader Epoch 0 from offset 0. Previous Leader Epoch was: -1 (kafka.cluster.Partition)
[2022-12-05 03:33:11,199] INFO [Partition __consumer_offsets-49 broker=1] No checkpointed highwatermark is found for partition __consumer_offsets-49 (kafka.cluster.Partition)
[2022-12-05 03:33:11,199] INFO [Partition __consumer_offsets-49 broker=1] No checkpointed highwatermark is found for partition __consumer_offsets-49 (kafka.cluster.Partition)
[2022-12-05 03:33:11,199] INFO [Partition __consumer_offsets-49 broker=1] __consumer_offsets-49 starts at Leader Epoch 0 from offset 0. Previous Leader Epoch was: -1 (kafka.cluster.Partition)
[2022-12-05 03:33:11,199] INFO [Partition __consumer_offsets-49 broker=1] __consumer_offsets-49 starts at Leader Epoch 0 from offset 0. Previous Leader Epoch was: -1 (kafka.cluster.Partition)
[2022-12-05 03:33:11,202] INFO [Partition __consumer_offsets-46 broker=1] No checkpointed highwatermark is found for partition __consumer_offsets-46 (kafka.cluster.Partition)
[2022-12-05 03:33:11,202] INFO [Partition __consumer_offsets-46 broker=1] No checkpointed highwatermark is found for partition __consumer_offsets-46 (kafka.cluster.Partition)
[2022-12-05 03:33:11,202] INFO [Partition __consumer_offsets-46 broker=1] __consumer_offsets-46 starts at Leader Epoch 0 from offset 0. Previous Leader Epoch was: -1 (kafka.cluster.Partition)
[2022-12-05 03:33:11,202] INFO [Partition __consumer_offsets-46 broker=1] __consumer_offsets-46 starts at Leader Epoch 0 from offset 0. Previous Leader Epoch was: -1 (kafka.cluster.Partition)
[2022-12-05 03:33:11,206] INFO [Partition __consumer_offsets-43 broker=1] No checkpointed highwatermark is found for partition __consumer_offsets-43 (kafka.cluster.Partition)
[2022-12-05 03:33:11,206] INFO [Partition __consumer_offsets-43 broker=1] No checkpointed highwatermark is found for partition __consumer_offsets-43 (kafka.cluster.Partition)
[2022-12-05 03:33:11,206] INFO [Partition __consumer_offsets-43 broker=1] __consumer_offsets-43 starts at Leader Epoch 0 from offset 0. Previous Leader Epoch was: -1 (kafka.cluster.Partition)
[2022-12-05 03:33:11,206] INFO [Partition __consumer_offsets-43 broker=1] __consumer_offsets-43 starts at Leader Epoch 0 from offset 0. Previous Leader Epoch was: -1 (kafka.cluster.Partition)
[2022-12-05 03:33:11,209] INFO [Partition __consumer_offsets-40 broker=1] No checkpointed highwatermark is found for partition __consumer_offsets-40 (kafka.cluster.Partition)
[2022-12-05 03:33:11,209] INFO [Partition __consumer_offsets-40 broker=1] No checkpointed highwatermark is found for partition __consumer_offsets-40 (kafka.cluster.Partition)
[2022-12-05 03:33:11,210] INFO [Partition __consumer_offsets-40 broker=1] __consumer_offsets-40 starts at Leader Epoch 0 from offset 0. Previous Leader Epoch was: -1 (kafka.cluster.Partition)
[2022-12-05 03:33:11,210] INFO [Partition __consumer_offsets-40 broker=1] __consumer_offsets-40 starts at Leader Epoch 0 from offset 0. Previous Leader Epoch was: -1 (kafka.cluster.Partition)
[2022-12-05 03:33:11,213] INFO [Partition __consumer_offsets-37 broker=1] No checkpointed highwatermark is found for partition __consumer_offsets-37 (kafka.cluster.Partition)
[2022-12-05 03:33:11,213] INFO [Partition __consumer_offsets-37 broker=1] No checkpointed highwatermark is found for partition __consumer_offsets-37 (kafka.cluster.Partition)
[2022-12-05 03:33:11,213] INFO [Partition __consumer_offsets-37 broker=1] __consumer_offsets-37 starts at Leader Epoch 0 from offset 0. Previous Leader Epoch was: -1 (kafka.cluster.Partition)
[2022-12-05 03:33:11,213] INFO [Partition __consumer_offsets-37 broker=1] __consumer_offsets-37 starts at Leader Epoch 0 from offset 0. Previous Leader Epoch was: -1 (kafka.cluster.Partition)
[2022-12-05 03:33:11,216] INFO [Partition __consumer_offsets-34 broker=1] No checkpointed highwatermark is found for partition __consumer_offsets-34 (kafka.cluster.Partition)
[2022-12-05 03:33:11,216] INFO [Partition __consumer_offsets-34 broker=1] No checkpointed highwatermark is found for partition __consumer_offsets-34 (kafka.cluster.Partition)
[2022-12-05 03:33:11,216] INFO [Partition __consumer_offsets-34 broker=1] __consumer_offsets-34 starts at Leader Epoch 0 from offset 0. Previous Leader Epoch was: -1 (kafka.cluster.Partition)
[2022-12-05 03:33:11,216] INFO [Partition __consumer_offsets-34 broker=1] __consumer_offsets-34 starts at Leader Epoch 0 from offset 0. Previous Leader Epoch was: -1 (kafka.cluster.Partition)
[2022-12-05 03:33:11,219] INFO [Partition __consumer_offsets-31 broker=1] No checkpointed highwatermark is found for partition __consumer_offsets-31 (kafka.cluster.Partition)
[2022-12-05 03:33:11,219] INFO [Partition __consumer_offsets-31 broker=1] No checkpointed highwatermark is found for partition __consumer_offsets-31 (kafka.cluster.Partition)
[2022-12-05 03:33:11,219] INFO [Partition __consumer_offsets-31 broker=1] __consumer_offsets-31 starts at Leader Epoch 0 from offset 0. Previous Leader Epoch was: -1 (kafka.cluster.Partition)
[2022-12-05 03:33:11,219] INFO [Partition __consumer_offsets-31 broker=1] __consumer_offsets-31 starts at Leader Epoch 0 from offset 0. Previous Leader Epoch was: -1 (kafka.cluster.Partition)
[2022-12-05 03:33:11,222] INFO [Partition __consumer_offsets-19 broker=1] No checkpointed highwatermark is found for partition __consumer_offsets-19 (kafka.cluster.Partition)
[2022-12-05 03:33:11,222] INFO [Partition __consumer_offsets-19 broker=1] No checkpointed highwatermark is found for partition __consumer_offsets-19 (kafka.cluster.Partition)
[2022-12-05 03:33:11,222] INFO [Partition __consumer_offsets-19 broker=1] __consumer_offsets-19 starts at Leader Epoch 0 from offset 0. Previous Leader Epoch was: -1 (kafka.cluster.Partition)
[2022-12-05 03:33:11,222] INFO [Partition __consumer_offsets-19 broker=1] __consumer_offsets-19 starts at Leader Epoch 0 from offset 0. Previous Leader Epoch was: -1 (kafka.cluster.Partition)
[2022-12-05 03:33:11,225] INFO [Partition __consumer_offsets-28 broker=1] No checkpointed highwatermark is found for partition __consumer_offsets-28 (kafka.cluster.Partition)
[2022-12-05 03:33:11,225] INFO [Partition __consumer_offsets-28 broker=1] No checkpointed highwatermark is found for partition __consumer_offsets-28 (kafka.cluster.Partition)
[2022-12-05 03:33:11,225] INFO [Partition __consumer_offsets-28 broker=1] __consumer_offsets-28 starts at Leader Epoch 0 from offset 0. Previous Leader Epoch was: -1 (kafka.cluster.Partition)
[2022-12-05 03:33:11,225] INFO [Partition __consumer_offsets-28 broker=1] __consumer_offsets-28 starts at Leader Epoch 0 from offset 0. Previous Leader Epoch was: -1 (kafka.cluster.Partition)
[2022-12-05 03:33:11,228] INFO [Partition __consumer_offsets-25 broker=1] No checkpointed highwatermark is found for partition __consumer_offsets-25 (kafka.cluster.Partition)
[2022-12-05 03:33:11,228] INFO [Partition __consumer_offsets-25 broker=1] No checkpointed highwatermark is found for partition __consumer_offsets-25 (kafka.cluster.Partition)
[2022-12-05 03:33:11,228] INFO [Partition __consumer_offsets-25 broker=1] __consumer_offsets-25 starts at Leader Epoch 0 from offset 0. Previous Leader Epoch was: -1 (kafka.cluster.Partition)
[2022-12-05 03:33:11,228] INFO [Partition __consumer_offsets-25 broker=1] __consumer_offsets-25 starts at Leader Epoch 0 from offset 0. Previous Leader Epoch was: -1 (kafka.cluster.Partition)
[2022-12-05 03:33:11,263] INFO [Partition __consumer_offsets-16 broker=1] No checkpointed highwatermark is found for partition __consumer_offsets-16 (kafka.cluster.Partition)
[2022-12-05 03:33:11,263] INFO [Partition __consumer_offsets-16 broker=1] No checkpointed highwatermark is found for partition __consumer_offsets-16 (kafka.cluster.Partition)
[2022-12-05 03:33:11,264] INFO [Partition __consumer_offsets-16 broker=1] __consumer_offsets-16 starts at Leader Epoch 0 from offset 0. Previous Leader Epoch was: -1 (kafka.cluster.Partition)
[2022-12-05 03:33:11,264] INFO [Partition __consumer_offsets-16 broker=1] __consumer_offsets-16 starts at Leader Epoch 0 from offset 0. Previous Leader Epoch was: -1 (kafka.cluster.Partition)
[2022-12-05 03:33:11,268] INFO [Partition __consumer_offsets-22 broker=1] No checkpointed highwatermark is found for partition __consumer_offsets-22 (kafka.cluster.Partition)
[2022-12-05 03:33:11,268] INFO [Partition __consumer_offsets-22 broker=1] No checkpointed highwatermark is found for partition __consumer_offsets-22 (kafka.cluster.Partition)
[2022-12-05 03:33:11,269] INFO [Partition __consumer_offsets-22 broker=1] __consumer_offsets-22 starts at Leader Epoch 0 from offset 0. Previous Leader Epoch was: -1 (kafka.cluster.Partition)
[2022-12-05 03:33:11,269] INFO [Partition __consumer_offsets-22 broker=1] __consumer_offsets-22 starts at Leader Epoch 0 from offset 0. Previous Leader Epoch was: -1 (kafka.cluster.Partition)
[2022-12-05 03:33:11,274] INFO [Partition __consumer_offsets-13 broker=1] No checkpointed highwatermark is found for partition __consumer_offsets-13 (kafka.cluster.Partition)
[2022-12-05 03:33:11,274] INFO [Partition __consumer_offsets-13 broker=1] No checkpointed highwatermark is found for partition __consumer_offsets-13 (kafka.cluster.Partition)
[2022-12-05 03:33:11,274] INFO [Partition __consumer_offsets-13 broker=1] __consumer_offsets-13 starts at Leader Epoch 0 from offset 0. Previous Leader Epoch was: -1 (kafka.cluster.Partition)
[2022-12-05 03:33:11,274] INFO [Partition __consumer_offsets-13 broker=1] __consumer_offsets-13 starts at Leader Epoch 0 from offset 0. Previous Leader Epoch was: -1 (kafka.cluster.Partition)
[2022-12-05 03:33:11,412] WARN [Log partition=__consumer_offsets-13, dir=/dev/shm/kafka-logs] ~~~  updateLogEndOffset: messageOffset=1, activeSegment.baseOffset=0, activeSegment.size=136, timestamp=1670211191411797 (kafka.log.Log)
[2022-12-05 03:33:11,412] WARN [Log partition=__consumer_offsets-13, dir=/dev/shm/kafka-logs] ~~~  updateLogEndOffset: messageOffset=1, activeSegment.baseOffset=0, activeSegment.size=136, timestamp=1670211191411797 (kafka.log.Log)
[2022-12-05 03:33:11,414] INFO [Partition __consumer_offsets-13 broker=1] .~~~  Partition maybeincrementLeaderHW : newHW=(offset=1 segment=[0:136]),timestamp=1670211191414444 (kafka.cluster.Partition)
[2022-12-05 03:33:11,414] INFO [Partition __consumer_offsets-13 broker=1] .~~~  Partition maybeincrementLeaderHW : newHW=(offset=1 segment=[0:136]),timestamp=1670211191414444 (kafka.cluster.Partition)
