[2022-12-04 20:05:24,593] INFO [Partition testname3-0 broker=0] No checkpointed highwatermark is found for partition testname3-0 (kafka.cluster.Partition)
[2022-12-04 20:05:24,593] INFO [Partition testname3-0 broker=0] No checkpointed highwatermark is found for partition testname3-0 (kafka.cluster.Partition)
[2022-12-04 20:05:41,889] INFO [KafkaApi-0] Auto creation of topic __consumer_offsets with 50 partitions and replication factor 1 is successful (kafka.server.KafkaApis)
[2022-12-04 20:05:41,889] INFO [KafkaApi-0] Auto creation of topic __consumer_offsets with 50 partitions and replication factor 1 is successful (kafka.server.KafkaApis)
[2022-12-04 20:05:42,169] INFO [Partition __consumer_offsets-0 broker=0] No checkpointed highwatermark is found for partition __consumer_offsets-0 (kafka.cluster.Partition)
[2022-12-04 20:05:42,169] INFO [Partition __consumer_offsets-0 broker=0] No checkpointed highwatermark is found for partition __consumer_offsets-0 (kafka.cluster.Partition)
[2022-12-04 20:05:42,170] INFO [Partition __consumer_offsets-0 broker=0] __consumer_offsets-0 starts at Leader Epoch 0 from offset 0. Previous Leader Epoch was: -1 (kafka.cluster.Partition)
[2022-12-04 20:05:42,170] INFO [Partition __consumer_offsets-0 broker=0] __consumer_offsets-0 starts at Leader Epoch 0 from offset 0. Previous Leader Epoch was: -1 (kafka.cluster.Partition)
[2022-12-04 20:05:42,184] INFO [Partition __consumer_offsets-48 broker=0] No checkpointed highwatermark is found for partition __consumer_offsets-48 (kafka.cluster.Partition)
[2022-12-04 20:05:42,184] INFO [Partition __consumer_offsets-48 broker=0] No checkpointed highwatermark is found for partition __consumer_offsets-48 (kafka.cluster.Partition)
[2022-12-04 20:05:42,184] INFO [Partition __consumer_offsets-48 broker=0] __consumer_offsets-48 starts at Leader Epoch 0 from offset 0. Previous Leader Epoch was: -1 (kafka.cluster.Partition)
[2022-12-04 20:05:42,184] INFO [Partition __consumer_offsets-48 broker=0] __consumer_offsets-48 starts at Leader Epoch 0 from offset 0. Previous Leader Epoch was: -1 (kafka.cluster.Partition)
[2022-12-04 20:05:42,246] INFO [Partition __consumer_offsets-45 broker=0] No checkpointed highwatermark is found for partition __consumer_offsets-45 (kafka.cluster.Partition)
[2022-12-04 20:05:42,246] INFO [Partition __consumer_offsets-45 broker=0] No checkpointed highwatermark is found for partition __consumer_offsets-45 (kafka.cluster.Partition)
[2022-12-04 20:05:42,247] INFO [Partition __consumer_offsets-45 broker=0] __consumer_offsets-45 starts at Leader Epoch 0 from offset 0. Previous Leader Epoch was: -1 (kafka.cluster.Partition)
[2022-12-04 20:05:42,247] INFO [Partition __consumer_offsets-45 broker=0] __consumer_offsets-45 starts at Leader Epoch 0 from offset 0. Previous Leader Epoch was: -1 (kafka.cluster.Partition)
[2022-12-04 20:05:42,253] INFO [Partition __consumer_offsets-42 broker=0] No checkpointed highwatermark is found for partition __consumer_offsets-42 (kafka.cluster.Partition)
[2022-12-04 20:05:42,253] INFO [Partition __consumer_offsets-42 broker=0] No checkpointed highwatermark is found for partition __consumer_offsets-42 (kafka.cluster.Partition)
[2022-12-04 20:05:42,253] INFO [Partition __consumer_offsets-42 broker=0] __consumer_offsets-42 starts at Leader Epoch 0 from offset 0. Previous Leader Epoch was: -1 (kafka.cluster.Partition)
[2022-12-04 20:05:42,253] INFO [Partition __consumer_offsets-42 broker=0] __consumer_offsets-42 starts at Leader Epoch 0 from offset 0. Previous Leader Epoch was: -1 (kafka.cluster.Partition)
[2022-12-04 20:05:42,258] INFO [Partition __consumer_offsets-39 broker=0] No checkpointed highwatermark is found for partition __consumer_offsets-39 (kafka.cluster.Partition)
[2022-12-04 20:05:42,258] INFO [Partition __consumer_offsets-39 broker=0] No checkpointed highwatermark is found for partition __consumer_offsets-39 (kafka.cluster.Partition)
[2022-12-04 20:05:42,259] INFO [Partition __consumer_offsets-39 broker=0] __consumer_offsets-39 starts at Leader Epoch 0 from offset 0. Previous Leader Epoch was: -1 (kafka.cluster.Partition)
[2022-12-04 20:05:42,259] INFO [Partition __consumer_offsets-39 broker=0] __consumer_offsets-39 starts at Leader Epoch 0 from offset 0. Previous Leader Epoch was: -1 (kafka.cluster.Partition)
[2022-12-04 20:05:42,263] INFO [Partition __consumer_offsets-36 broker=0] No checkpointed highwatermark is found for partition __consumer_offsets-36 (kafka.cluster.Partition)
[2022-12-04 20:05:42,263] INFO [Partition __consumer_offsets-36 broker=0] No checkpointed highwatermark is found for partition __consumer_offsets-36 (kafka.cluster.Partition)
[2022-12-04 20:05:42,263] INFO [Partition __consumer_offsets-36 broker=0] __consumer_offsets-36 starts at Leader Epoch 0 from offset 0. Previous Leader Epoch was: -1 (kafka.cluster.Partition)
[2022-12-04 20:05:42,263] INFO [Partition __consumer_offsets-36 broker=0] __consumer_offsets-36 starts at Leader Epoch 0 from offset 0. Previous Leader Epoch was: -1 (kafka.cluster.Partition)
[2022-12-04 20:05:42,267] INFO [Partition __consumer_offsets-33 broker=0] No checkpointed highwatermark is found for partition __consumer_offsets-33 (kafka.cluster.Partition)
[2022-12-04 20:05:42,267] INFO [Partition __consumer_offsets-33 broker=0] No checkpointed highwatermark is found for partition __consumer_offsets-33 (kafka.cluster.Partition)
[2022-12-04 20:05:42,268] INFO [Partition __consumer_offsets-33 broker=0] __consumer_offsets-33 starts at Leader Epoch 0 from offset 0. Previous Leader Epoch was: -1 (kafka.cluster.Partition)
[2022-12-04 20:05:42,268] INFO [Partition __consumer_offsets-33 broker=0] __consumer_offsets-33 starts at Leader Epoch 0 from offset 0. Previous Leader Epoch was: -1 (kafka.cluster.Partition)
[2022-12-04 20:05:42,271] INFO [Partition __consumer_offsets-30 broker=0] No checkpointed highwatermark is found for partition __consumer_offsets-30 (kafka.cluster.Partition)
[2022-12-04 20:05:42,271] INFO [Partition __consumer_offsets-30 broker=0] No checkpointed highwatermark is found for partition __consumer_offsets-30 (kafka.cluster.Partition)
[2022-12-04 20:05:42,271] INFO [Partition __consumer_offsets-30 broker=0] __consumer_offsets-30 starts at Leader Epoch 0 from offset 0. Previous Leader Epoch was: -1 (kafka.cluster.Partition)
[2022-12-04 20:05:42,271] INFO [Partition __consumer_offsets-30 broker=0] __consumer_offsets-30 starts at Leader Epoch 0 from offset 0. Previous Leader Epoch was: -1 (kafka.cluster.Partition)
[2022-12-04 20:05:42,275] INFO [Partition __consumer_offsets-27 broker=0] No checkpointed highwatermark is found for partition __consumer_offsets-27 (kafka.cluster.Partition)
[2022-12-04 20:05:42,275] INFO [Partition __consumer_offsets-27 broker=0] No checkpointed highwatermark is found for partition __consumer_offsets-27 (kafka.cluster.Partition)
[2022-12-04 20:05:42,275] INFO [Partition __consumer_offsets-27 broker=0] __consumer_offsets-27 starts at Leader Epoch 0 from offset 0. Previous Leader Epoch was: -1 (kafka.cluster.Partition)
[2022-12-04 20:05:42,275] INFO [Partition __consumer_offsets-27 broker=0] __consumer_offsets-27 starts at Leader Epoch 0 from offset 0. Previous Leader Epoch was: -1 (kafka.cluster.Partition)
[2022-12-04 20:05:42,279] INFO [Partition __consumer_offsets-24 broker=0] No checkpointed highwatermark is found for partition __consumer_offsets-24 (kafka.cluster.Partition)
[2022-12-04 20:05:42,279] INFO [Partition __consumer_offsets-24 broker=0] No checkpointed highwatermark is found for partition __consumer_offsets-24 (kafka.cluster.Partition)
[2022-12-04 20:05:42,279] INFO [Partition __consumer_offsets-24 broker=0] __consumer_offsets-24 starts at Leader Epoch 0 from offset 0. Previous Leader Epoch was: -1 (kafka.cluster.Partition)
[2022-12-04 20:05:42,279] INFO [Partition __consumer_offsets-24 broker=0] __consumer_offsets-24 starts at Leader Epoch 0 from offset 0. Previous Leader Epoch was: -1 (kafka.cluster.Partition)
[2022-12-04 20:05:42,284] INFO [Partition __consumer_offsets-21 broker=0] No checkpointed highwatermark is found for partition __consumer_offsets-21 (kafka.cluster.Partition)
[2022-12-04 20:05:42,284] INFO [Partition __consumer_offsets-21 broker=0] No checkpointed highwatermark is found for partition __consumer_offsets-21 (kafka.cluster.Partition)
[2022-12-04 20:05:42,284] INFO [Partition __consumer_offsets-21 broker=0] __consumer_offsets-21 starts at Leader Epoch 0 from offset 0. Previous Leader Epoch was: -1 (kafka.cluster.Partition)
[2022-12-04 20:05:42,284] INFO [Partition __consumer_offsets-21 broker=0] __consumer_offsets-21 starts at Leader Epoch 0 from offset 0. Previous Leader Epoch was: -1 (kafka.cluster.Partition)
[2022-12-04 20:05:42,287] INFO [Partition __consumer_offsets-18 broker=0] No checkpointed highwatermark is found for partition __consumer_offsets-18 (kafka.cluster.Partition)
[2022-12-04 20:05:42,287] INFO [Partition __consumer_offsets-18 broker=0] No checkpointed highwatermark is found for partition __consumer_offsets-18 (kafka.cluster.Partition)
[2022-12-04 20:05:42,288] INFO [Partition __consumer_offsets-18 broker=0] __consumer_offsets-18 starts at Leader Epoch 0 from offset 0. Previous Leader Epoch was: -1 (kafka.cluster.Partition)
[2022-12-04 20:05:42,288] INFO [Partition __consumer_offsets-18 broker=0] __consumer_offsets-18 starts at Leader Epoch 0 from offset 0. Previous Leader Epoch was: -1 (kafka.cluster.Partition)
[2022-12-04 20:05:42,291] INFO [Partition __consumer_offsets-15 broker=0] No checkpointed highwatermark is found for partition __consumer_offsets-15 (kafka.cluster.Partition)
[2022-12-04 20:05:42,291] INFO [Partition __consumer_offsets-15 broker=0] No checkpointed highwatermark is found for partition __consumer_offsets-15 (kafka.cluster.Partition)
[2022-12-04 20:05:42,291] INFO [Partition __consumer_offsets-15 broker=0] __consumer_offsets-15 starts at Leader Epoch 0 from offset 0. Previous Leader Epoch was: -1 (kafka.cluster.Partition)
[2022-12-04 20:05:42,291] INFO [Partition __consumer_offsets-15 broker=0] __consumer_offsets-15 starts at Leader Epoch 0 from offset 0. Previous Leader Epoch was: -1 (kafka.cluster.Partition)
[2022-12-04 20:05:42,295] INFO [Partition __consumer_offsets-12 broker=0] No checkpointed highwatermark is found for partition __consumer_offsets-12 (kafka.cluster.Partition)
[2022-12-04 20:05:42,295] INFO [Partition __consumer_offsets-12 broker=0] No checkpointed highwatermark is found for partition __consumer_offsets-12 (kafka.cluster.Partition)
[2022-12-04 20:05:42,295] INFO [Partition __consumer_offsets-12 broker=0] __consumer_offsets-12 starts at Leader Epoch 0 from offset 0. Previous Leader Epoch was: -1 (kafka.cluster.Partition)
[2022-12-04 20:05:42,295] INFO [Partition __consumer_offsets-12 broker=0] __consumer_offsets-12 starts at Leader Epoch 0 from offset 0. Previous Leader Epoch was: -1 (kafka.cluster.Partition)
[2022-12-04 20:05:42,299] INFO [Partition __consumer_offsets-9 broker=0] No checkpointed highwatermark is found for partition __consumer_offsets-9 (kafka.cluster.Partition)
[2022-12-04 20:05:42,299] INFO [Partition __consumer_offsets-9 broker=0] No checkpointed highwatermark is found for partition __consumer_offsets-9 (kafka.cluster.Partition)
[2022-12-04 20:05:42,299] INFO [Partition __consumer_offsets-9 broker=0] __consumer_offsets-9 starts at Leader Epoch 0 from offset 0. Previous Leader Epoch was: -1 (kafka.cluster.Partition)
[2022-12-04 20:05:42,299] INFO [Partition __consumer_offsets-9 broker=0] __consumer_offsets-9 starts at Leader Epoch 0 from offset 0. Previous Leader Epoch was: -1 (kafka.cluster.Partition)
[2022-12-04 20:05:42,303] INFO [Partition __consumer_offsets-6 broker=0] No checkpointed highwatermark is found for partition __consumer_offsets-6 (kafka.cluster.Partition)
[2022-12-04 20:05:42,303] INFO [Partition __consumer_offsets-6 broker=0] No checkpointed highwatermark is found for partition __consumer_offsets-6 (kafka.cluster.Partition)
[2022-12-04 20:05:42,303] INFO [Partition __consumer_offsets-6 broker=0] __consumer_offsets-6 starts at Leader Epoch 0 from offset 0. Previous Leader Epoch was: -1 (kafka.cluster.Partition)
[2022-12-04 20:05:42,303] INFO [Partition __consumer_offsets-6 broker=0] __consumer_offsets-6 starts at Leader Epoch 0 from offset 0. Previous Leader Epoch was: -1 (kafka.cluster.Partition)
[2022-12-04 20:05:42,307] INFO [Partition __consumer_offsets-3 broker=0] No checkpointed highwatermark is found for partition __consumer_offsets-3 (kafka.cluster.Partition)
[2022-12-04 20:05:42,307] INFO [Partition __consumer_offsets-3 broker=0] No checkpointed highwatermark is found for partition __consumer_offsets-3 (kafka.cluster.Partition)
[2022-12-04 20:05:42,307] INFO [Partition __consumer_offsets-3 broker=0] __consumer_offsets-3 starts at Leader Epoch 0 from offset 0. Previous Leader Epoch was: -1 (kafka.cluster.Partition)
[2022-12-04 20:05:42,307] INFO [Partition __consumer_offsets-3 broker=0] __consumer_offsets-3 starts at Leader Epoch 0 from offset 0. Previous Leader Epoch was: -1 (kafka.cluster.Partition)
[2022-12-04 20:05:42,416] WARN [Log partition=__consumer_offsets-9, dir=/dev/shm/kafka-logs] ~~~  updateLogEndOffset: messageOffset=1, activeSegment.baseOffset=0, activeSegment.size=136, timestamp=1670184342415989 (kafka.log.Log)
[2022-12-04 20:05:42,416] WARN [Log partition=__consumer_offsets-9, dir=/dev/shm/kafka-logs] ~~~  updateLogEndOffset: messageOffset=1, activeSegment.baseOffset=0, activeSegment.size=136, timestamp=1670184342415989 (kafka.log.Log)
[2022-12-04 20:05:42,418] INFO [Partition __consumer_offsets-9 broker=0] .~~~  Partition maybeincrementLeaderHW : newHW=(offset=1 segment=[0:136]),timestamp=1670184342418706 (kafka.cluster.Partition)
[2022-12-04 20:05:42,418] INFO [Partition __consumer_offsets-9 broker=0] .~~~  Partition maybeincrementLeaderHW : newHW=(offset=1 segment=[0:136]),timestamp=1670184342418706 (kafka.cluster.Partition)
