[2022-12-04 20:17:46,080] INFO [Partition testname3-0 broker=1] No checkpointed highwatermark is found for partition testname3-0 (kafka.cluster.Partition)
[2022-12-04 20:17:46,080] INFO [Partition testname3-0 broker=1] No checkpointed highwatermark is found for partition testname3-0 (kafka.cluster.Partition)
[2022-12-04 20:18:30,527] INFO [Partition __consumer_offsets-0 broker=1] No checkpointed highwatermark is found for partition __consumer_offsets-0 (kafka.cluster.Partition)
[2022-12-04 20:18:30,527] INFO [Partition __consumer_offsets-0 broker=1] No checkpointed highwatermark is found for partition __consumer_offsets-0 (kafka.cluster.Partition)
[2022-12-04 20:18:30,529] INFO [Partition __consumer_offsets-0 broker=1] __consumer_offsets-0 starts at Leader Epoch 0 from offset 0. Previous Leader Epoch was: -1 (kafka.cluster.Partition)
[2022-12-04 20:18:30,529] INFO [Partition __consumer_offsets-0 broker=1] __consumer_offsets-0 starts at Leader Epoch 0 from offset 0. Previous Leader Epoch was: -1 (kafka.cluster.Partition)
[2022-12-04 20:18:30,542] INFO [Partition __consumer_offsets-48 broker=1] No checkpointed highwatermark is found for partition __consumer_offsets-48 (kafka.cluster.Partition)
[2022-12-04 20:18:30,542] INFO [Partition __consumer_offsets-48 broker=1] No checkpointed highwatermark is found for partition __consumer_offsets-48 (kafka.cluster.Partition)
[2022-12-04 20:18:30,542] INFO [Partition __consumer_offsets-48 broker=1] __consumer_offsets-48 starts at Leader Epoch 0 from offset 0. Previous Leader Epoch was: -1 (kafka.cluster.Partition)
[2022-12-04 20:18:30,542] INFO [Partition __consumer_offsets-48 broker=1] __consumer_offsets-48 starts at Leader Epoch 0 from offset 0. Previous Leader Epoch was: -1 (kafka.cluster.Partition)
[2022-12-04 20:18:30,545] INFO [Partition __consumer_offsets-45 broker=1] No checkpointed highwatermark is found for partition __consumer_offsets-45 (kafka.cluster.Partition)
[2022-12-04 20:18:30,545] INFO [Partition __consumer_offsets-45 broker=1] No checkpointed highwatermark is found for partition __consumer_offsets-45 (kafka.cluster.Partition)
[2022-12-04 20:18:30,545] INFO [Partition __consumer_offsets-45 broker=1] __consumer_offsets-45 starts at Leader Epoch 0 from offset 0. Previous Leader Epoch was: -1 (kafka.cluster.Partition)
[2022-12-04 20:18:30,545] INFO [Partition __consumer_offsets-45 broker=1] __consumer_offsets-45 starts at Leader Epoch 0 from offset 0. Previous Leader Epoch was: -1 (kafka.cluster.Partition)
[2022-12-04 20:18:30,548] INFO [Partition __consumer_offsets-42 broker=1] No checkpointed highwatermark is found for partition __consumer_offsets-42 (kafka.cluster.Partition)
[2022-12-04 20:18:30,548] INFO [Partition __consumer_offsets-42 broker=1] No checkpointed highwatermark is found for partition __consumer_offsets-42 (kafka.cluster.Partition)
[2022-12-04 20:18:30,549] INFO [Partition __consumer_offsets-42 broker=1] __consumer_offsets-42 starts at Leader Epoch 0 from offset 0. Previous Leader Epoch was: -1 (kafka.cluster.Partition)
[2022-12-04 20:18:30,549] INFO [Partition __consumer_offsets-42 broker=1] __consumer_offsets-42 starts at Leader Epoch 0 from offset 0. Previous Leader Epoch was: -1 (kafka.cluster.Partition)
[2022-12-04 20:18:30,552] INFO [Partition __consumer_offsets-39 broker=1] No checkpointed highwatermark is found for partition __consumer_offsets-39 (kafka.cluster.Partition)
[2022-12-04 20:18:30,552] INFO [Partition __consumer_offsets-39 broker=1] No checkpointed highwatermark is found for partition __consumer_offsets-39 (kafka.cluster.Partition)
[2022-12-04 20:18:30,552] INFO [Partition __consumer_offsets-39 broker=1] __consumer_offsets-39 starts at Leader Epoch 0 from offset 0. Previous Leader Epoch was: -1 (kafka.cluster.Partition)
[2022-12-04 20:18:30,552] INFO [Partition __consumer_offsets-39 broker=1] __consumer_offsets-39 starts at Leader Epoch 0 from offset 0. Previous Leader Epoch was: -1 (kafka.cluster.Partition)
[2022-12-04 20:18:30,555] INFO [Partition __consumer_offsets-36 broker=1] No checkpointed highwatermark is found for partition __consumer_offsets-36 (kafka.cluster.Partition)
[2022-12-04 20:18:30,555] INFO [Partition __consumer_offsets-36 broker=1] No checkpointed highwatermark is found for partition __consumer_offsets-36 (kafka.cluster.Partition)
[2022-12-04 20:18:30,555] INFO [Partition __consumer_offsets-36 broker=1] __consumer_offsets-36 starts at Leader Epoch 0 from offset 0. Previous Leader Epoch was: -1 (kafka.cluster.Partition)
[2022-12-04 20:18:30,555] INFO [Partition __consumer_offsets-36 broker=1] __consumer_offsets-36 starts at Leader Epoch 0 from offset 0. Previous Leader Epoch was: -1 (kafka.cluster.Partition)
[2022-12-04 20:18:30,559] INFO [Partition __consumer_offsets-33 broker=1] No checkpointed highwatermark is found for partition __consumer_offsets-33 (kafka.cluster.Partition)
[2022-12-04 20:18:30,559] INFO [Partition __consumer_offsets-33 broker=1] No checkpointed highwatermark is found for partition __consumer_offsets-33 (kafka.cluster.Partition)
[2022-12-04 20:18:30,559] INFO [Partition __consumer_offsets-33 broker=1] __consumer_offsets-33 starts at Leader Epoch 0 from offset 0. Previous Leader Epoch was: -1 (kafka.cluster.Partition)
[2022-12-04 20:18:30,559] INFO [Partition __consumer_offsets-33 broker=1] __consumer_offsets-33 starts at Leader Epoch 0 from offset 0. Previous Leader Epoch was: -1 (kafka.cluster.Partition)
[2022-12-04 20:18:30,562] INFO [Partition __consumer_offsets-30 broker=1] No checkpointed highwatermark is found for partition __consumer_offsets-30 (kafka.cluster.Partition)
[2022-12-04 20:18:30,562] INFO [Partition __consumer_offsets-30 broker=1] No checkpointed highwatermark is found for partition __consumer_offsets-30 (kafka.cluster.Partition)
[2022-12-04 20:18:30,562] INFO [Partition __consumer_offsets-30 broker=1] __consumer_offsets-30 starts at Leader Epoch 0 from offset 0. Previous Leader Epoch was: -1 (kafka.cluster.Partition)
[2022-12-04 20:18:30,562] INFO [Partition __consumer_offsets-30 broker=1] __consumer_offsets-30 starts at Leader Epoch 0 from offset 0. Previous Leader Epoch was: -1 (kafka.cluster.Partition)
[2022-12-04 20:18:30,565] INFO [Partition __consumer_offsets-27 broker=1] No checkpointed highwatermark is found for partition __consumer_offsets-27 (kafka.cluster.Partition)
[2022-12-04 20:18:30,565] INFO [Partition __consumer_offsets-27 broker=1] No checkpointed highwatermark is found for partition __consumer_offsets-27 (kafka.cluster.Partition)
[2022-12-04 20:18:30,565] INFO [Partition __consumer_offsets-27 broker=1] __consumer_offsets-27 starts at Leader Epoch 0 from offset 0. Previous Leader Epoch was: -1 (kafka.cluster.Partition)
[2022-12-04 20:18:30,565] INFO [Partition __consumer_offsets-27 broker=1] __consumer_offsets-27 starts at Leader Epoch 0 from offset 0. Previous Leader Epoch was: -1 (kafka.cluster.Partition)
[2022-12-04 20:18:30,568] INFO [Partition __consumer_offsets-24 broker=1] No checkpointed highwatermark is found for partition __consumer_offsets-24 (kafka.cluster.Partition)
[2022-12-04 20:18:30,568] INFO [Partition __consumer_offsets-24 broker=1] No checkpointed highwatermark is found for partition __consumer_offsets-24 (kafka.cluster.Partition)
[2022-12-04 20:18:30,568] INFO [Partition __consumer_offsets-24 broker=1] __consumer_offsets-24 starts at Leader Epoch 0 from offset 0. Previous Leader Epoch was: -1 (kafka.cluster.Partition)
[2022-12-04 20:18:30,568] INFO [Partition __consumer_offsets-24 broker=1] __consumer_offsets-24 starts at Leader Epoch 0 from offset 0. Previous Leader Epoch was: -1 (kafka.cluster.Partition)
[2022-12-04 20:18:30,572] INFO [Partition __consumer_offsets-21 broker=1] No checkpointed highwatermark is found for partition __consumer_offsets-21 (kafka.cluster.Partition)
[2022-12-04 20:18:30,572] INFO [Partition __consumer_offsets-21 broker=1] No checkpointed highwatermark is found for partition __consumer_offsets-21 (kafka.cluster.Partition)
[2022-12-04 20:18:30,572] INFO [Partition __consumer_offsets-21 broker=1] __consumer_offsets-21 starts at Leader Epoch 0 from offset 0. Previous Leader Epoch was: -1 (kafka.cluster.Partition)
[2022-12-04 20:18:30,572] INFO [Partition __consumer_offsets-21 broker=1] __consumer_offsets-21 starts at Leader Epoch 0 from offset 0. Previous Leader Epoch was: -1 (kafka.cluster.Partition)
[2022-12-04 20:18:30,575] INFO [Partition __consumer_offsets-18 broker=1] No checkpointed highwatermark is found for partition __consumer_offsets-18 (kafka.cluster.Partition)
[2022-12-04 20:18:30,575] INFO [Partition __consumer_offsets-18 broker=1] No checkpointed highwatermark is found for partition __consumer_offsets-18 (kafka.cluster.Partition)
[2022-12-04 20:18:30,575] INFO [Partition __consumer_offsets-18 broker=1] __consumer_offsets-18 starts at Leader Epoch 0 from offset 0. Previous Leader Epoch was: -1 (kafka.cluster.Partition)
[2022-12-04 20:18:30,575] INFO [Partition __consumer_offsets-18 broker=1] __consumer_offsets-18 starts at Leader Epoch 0 from offset 0. Previous Leader Epoch was: -1 (kafka.cluster.Partition)
[2022-12-04 20:18:30,578] INFO [Partition __consumer_offsets-15 broker=1] No checkpointed highwatermark is found for partition __consumer_offsets-15 (kafka.cluster.Partition)
[2022-12-04 20:18:30,578] INFO [Partition __consumer_offsets-15 broker=1] No checkpointed highwatermark is found for partition __consumer_offsets-15 (kafka.cluster.Partition)
[2022-12-04 20:18:30,578] INFO [Partition __consumer_offsets-15 broker=1] __consumer_offsets-15 starts at Leader Epoch 0 from offset 0. Previous Leader Epoch was: -1 (kafka.cluster.Partition)
[2022-12-04 20:18:30,578] INFO [Partition __consumer_offsets-15 broker=1] __consumer_offsets-15 starts at Leader Epoch 0 from offset 0. Previous Leader Epoch was: -1 (kafka.cluster.Partition)
[2022-12-04 20:18:30,581] INFO [Partition __consumer_offsets-12 broker=1] No checkpointed highwatermark is found for partition __consumer_offsets-12 (kafka.cluster.Partition)
[2022-12-04 20:18:30,581] INFO [Partition __consumer_offsets-12 broker=1] No checkpointed highwatermark is found for partition __consumer_offsets-12 (kafka.cluster.Partition)
[2022-12-04 20:18:30,581] INFO [Partition __consumer_offsets-12 broker=1] __consumer_offsets-12 starts at Leader Epoch 0 from offset 0. Previous Leader Epoch was: -1 (kafka.cluster.Partition)
[2022-12-04 20:18:30,581] INFO [Partition __consumer_offsets-12 broker=1] __consumer_offsets-12 starts at Leader Epoch 0 from offset 0. Previous Leader Epoch was: -1 (kafka.cluster.Partition)
[2022-12-04 20:18:30,623] INFO [Partition __consumer_offsets-9 broker=1] No checkpointed highwatermark is found for partition __consumer_offsets-9 (kafka.cluster.Partition)
[2022-12-04 20:18:30,623] INFO [Partition __consumer_offsets-9 broker=1] No checkpointed highwatermark is found for partition __consumer_offsets-9 (kafka.cluster.Partition)
[2022-12-04 20:18:30,623] INFO [Partition __consumer_offsets-9 broker=1] __consumer_offsets-9 starts at Leader Epoch 0 from offset 0. Previous Leader Epoch was: -1 (kafka.cluster.Partition)
[2022-12-04 20:18:30,623] INFO [Partition __consumer_offsets-9 broker=1] __consumer_offsets-9 starts at Leader Epoch 0 from offset 0. Previous Leader Epoch was: -1 (kafka.cluster.Partition)
[2022-12-04 20:18:30,629] INFO [Partition __consumer_offsets-6 broker=1] No checkpointed highwatermark is found for partition __consumer_offsets-6 (kafka.cluster.Partition)
[2022-12-04 20:18:30,629] INFO [Partition __consumer_offsets-6 broker=1] No checkpointed highwatermark is found for partition __consumer_offsets-6 (kafka.cluster.Partition)
[2022-12-04 20:18:30,629] INFO [Partition __consumer_offsets-6 broker=1] __consumer_offsets-6 starts at Leader Epoch 0 from offset 0. Previous Leader Epoch was: -1 (kafka.cluster.Partition)
[2022-12-04 20:18:30,629] INFO [Partition __consumer_offsets-6 broker=1] __consumer_offsets-6 starts at Leader Epoch 0 from offset 0. Previous Leader Epoch was: -1 (kafka.cluster.Partition)
[2022-12-04 20:18:30,634] INFO [Partition __consumer_offsets-3 broker=1] No checkpointed highwatermark is found for partition __consumer_offsets-3 (kafka.cluster.Partition)
[2022-12-04 20:18:30,634] INFO [Partition __consumer_offsets-3 broker=1] No checkpointed highwatermark is found for partition __consumer_offsets-3 (kafka.cluster.Partition)
[2022-12-04 20:18:30,635] INFO [Partition __consumer_offsets-3 broker=1] __consumer_offsets-3 starts at Leader Epoch 0 from offset 0. Previous Leader Epoch was: -1 (kafka.cluster.Partition)
[2022-12-04 20:18:30,635] INFO [Partition __consumer_offsets-3 broker=1] __consumer_offsets-3 starts at Leader Epoch 0 from offset 0. Previous Leader Epoch was: -1 (kafka.cluster.Partition)
[2022-12-04 20:18:30,769] WARN [Log partition=__consumer_offsets-33, dir=/dev/shm/kafka-logs] ~~~  updateLogEndOffset: messageOffset=1, activeSegment.baseOffset=0, activeSegment.size=136, timestamp=1670185110768616 (kafka.log.Log)
[2022-12-04 20:18:30,769] WARN [Log partition=__consumer_offsets-33, dir=/dev/shm/kafka-logs] ~~~  updateLogEndOffset: messageOffset=1, activeSegment.baseOffset=0, activeSegment.size=136, timestamp=1670185110768616 (kafka.log.Log)
[2022-12-04 20:18:30,771] INFO [Partition __consumer_offsets-33 broker=1] .~~~  Partition maybeincrementLeaderHW : newHW=(offset=1 segment=[0:136]),timestamp=1670185110771476 (kafka.cluster.Partition)
[2022-12-04 20:18:30,771] INFO [Partition __consumer_offsets-33 broker=1] .~~~  Partition maybeincrementLeaderHW : newHW=(offset=1 segment=[0:136]),timestamp=1670185110771476 (kafka.cluster.Partition)
