[2022-12-05 03:43:50,173] INFO [Partition testname3-0 broker=2] No checkpointed highwatermark is found for partition testname3-0 (kafka.cluster.Partition)
[2022-12-05 03:43:50,173] INFO [Partition testname3-0 broker=2] No checkpointed highwatermark is found for partition testname3-0 (kafka.cluster.Partition)
[2022-12-05 03:44:05,494] INFO [Partition __consumer_offsets-10 broker=2] No checkpointed highwatermark is found for partition __consumer_offsets-10 (kafka.cluster.Partition)
[2022-12-05 03:44:05,494] INFO [Partition __consumer_offsets-10 broker=2] No checkpointed highwatermark is found for partition __consumer_offsets-10 (kafka.cluster.Partition)
[2022-12-05 03:44:05,496] INFO [Partition __consumer_offsets-10 broker=2] __consumer_offsets-10 starts at Leader Epoch 0 from offset 0. Previous Leader Epoch was: -1 (kafka.cluster.Partition)
[2022-12-05 03:44:05,496] INFO [Partition __consumer_offsets-10 broker=2] __consumer_offsets-10 starts at Leader Epoch 0 from offset 0. Previous Leader Epoch was: -1 (kafka.cluster.Partition)
[2022-12-05 03:44:05,510] INFO [Partition __consumer_offsets-7 broker=2] No checkpointed highwatermark is found for partition __consumer_offsets-7 (kafka.cluster.Partition)
[2022-12-05 03:44:05,510] INFO [Partition __consumer_offsets-7 broker=2] No checkpointed highwatermark is found for partition __consumer_offsets-7 (kafka.cluster.Partition)
[2022-12-05 03:44:05,510] INFO [Partition __consumer_offsets-7 broker=2] __consumer_offsets-7 starts at Leader Epoch 0 from offset 0. Previous Leader Epoch was: -1 (kafka.cluster.Partition)
[2022-12-05 03:44:05,510] INFO [Partition __consumer_offsets-7 broker=2] __consumer_offsets-7 starts at Leader Epoch 0 from offset 0. Previous Leader Epoch was: -1 (kafka.cluster.Partition)
[2022-12-05 03:44:05,513] INFO [Partition __consumer_offsets-4 broker=2] No checkpointed highwatermark is found for partition __consumer_offsets-4 (kafka.cluster.Partition)
[2022-12-05 03:44:05,513] INFO [Partition __consumer_offsets-4 broker=2] No checkpointed highwatermark is found for partition __consumer_offsets-4 (kafka.cluster.Partition)
[2022-12-05 03:44:05,514] INFO [Partition __consumer_offsets-4 broker=2] __consumer_offsets-4 starts at Leader Epoch 0 from offset 0. Previous Leader Epoch was: -1 (kafka.cluster.Partition)
[2022-12-05 03:44:05,514] INFO [Partition __consumer_offsets-4 broker=2] __consumer_offsets-4 starts at Leader Epoch 0 from offset 0. Previous Leader Epoch was: -1 (kafka.cluster.Partition)
[2022-12-05 03:44:05,517] INFO [Partition __consumer_offsets-1 broker=2] No checkpointed highwatermark is found for partition __consumer_offsets-1 (kafka.cluster.Partition)
[2022-12-05 03:44:05,517] INFO [Partition __consumer_offsets-1 broker=2] No checkpointed highwatermark is found for partition __consumer_offsets-1 (kafka.cluster.Partition)
[2022-12-05 03:44:05,517] INFO [Partition __consumer_offsets-1 broker=2] __consumer_offsets-1 starts at Leader Epoch 0 from offset 0. Previous Leader Epoch was: -1 (kafka.cluster.Partition)
[2022-12-05 03:44:05,517] INFO [Partition __consumer_offsets-1 broker=2] __consumer_offsets-1 starts at Leader Epoch 0 from offset 0. Previous Leader Epoch was: -1 (kafka.cluster.Partition)
[2022-12-05 03:44:05,520] INFO [Partition __consumer_offsets-49 broker=2] No checkpointed highwatermark is found for partition __consumer_offsets-49 (kafka.cluster.Partition)
[2022-12-05 03:44:05,520] INFO [Partition __consumer_offsets-49 broker=2] No checkpointed highwatermark is found for partition __consumer_offsets-49 (kafka.cluster.Partition)
[2022-12-05 03:44:05,520] INFO [Partition __consumer_offsets-49 broker=2] __consumer_offsets-49 starts at Leader Epoch 0 from offset 0. Previous Leader Epoch was: -1 (kafka.cluster.Partition)
[2022-12-05 03:44:05,520] INFO [Partition __consumer_offsets-49 broker=2] __consumer_offsets-49 starts at Leader Epoch 0 from offset 0. Previous Leader Epoch was: -1 (kafka.cluster.Partition)
[2022-12-05 03:44:05,524] INFO [Partition __consumer_offsets-46 broker=2] No checkpointed highwatermark is found for partition __consumer_offsets-46 (kafka.cluster.Partition)
[2022-12-05 03:44:05,524] INFO [Partition __consumer_offsets-46 broker=2] No checkpointed highwatermark is found for partition __consumer_offsets-46 (kafka.cluster.Partition)
[2022-12-05 03:44:05,524] INFO [Partition __consumer_offsets-46 broker=2] __consumer_offsets-46 starts at Leader Epoch 0 from offset 0. Previous Leader Epoch was: -1 (kafka.cluster.Partition)
[2022-12-05 03:44:05,524] INFO [Partition __consumer_offsets-46 broker=2] __consumer_offsets-46 starts at Leader Epoch 0 from offset 0. Previous Leader Epoch was: -1 (kafka.cluster.Partition)
[2022-12-05 03:44:05,528] INFO [Partition __consumer_offsets-43 broker=2] No checkpointed highwatermark is found for partition __consumer_offsets-43 (kafka.cluster.Partition)
[2022-12-05 03:44:05,528] INFO [Partition __consumer_offsets-43 broker=2] No checkpointed highwatermark is found for partition __consumer_offsets-43 (kafka.cluster.Partition)
[2022-12-05 03:44:05,528] INFO [Partition __consumer_offsets-43 broker=2] __consumer_offsets-43 starts at Leader Epoch 0 from offset 0. Previous Leader Epoch was: -1 (kafka.cluster.Partition)
[2022-12-05 03:44:05,528] INFO [Partition __consumer_offsets-43 broker=2] __consumer_offsets-43 starts at Leader Epoch 0 from offset 0. Previous Leader Epoch was: -1 (kafka.cluster.Partition)
[2022-12-05 03:44:05,531] INFO [Partition __consumer_offsets-40 broker=2] No checkpointed highwatermark is found for partition __consumer_offsets-40 (kafka.cluster.Partition)
[2022-12-05 03:44:05,531] INFO [Partition __consumer_offsets-40 broker=2] No checkpointed highwatermark is found for partition __consumer_offsets-40 (kafka.cluster.Partition)
[2022-12-05 03:44:05,531] INFO [Partition __consumer_offsets-40 broker=2] __consumer_offsets-40 starts at Leader Epoch 0 from offset 0. Previous Leader Epoch was: -1 (kafka.cluster.Partition)
[2022-12-05 03:44:05,531] INFO [Partition __consumer_offsets-40 broker=2] __consumer_offsets-40 starts at Leader Epoch 0 from offset 0. Previous Leader Epoch was: -1 (kafka.cluster.Partition)
[2022-12-05 03:44:05,534] INFO [Partition __consumer_offsets-37 broker=2] No checkpointed highwatermark is found for partition __consumer_offsets-37 (kafka.cluster.Partition)
[2022-12-05 03:44:05,534] INFO [Partition __consumer_offsets-37 broker=2] No checkpointed highwatermark is found for partition __consumer_offsets-37 (kafka.cluster.Partition)
[2022-12-05 03:44:05,534] INFO [Partition __consumer_offsets-37 broker=2] __consumer_offsets-37 starts at Leader Epoch 0 from offset 0. Previous Leader Epoch was: -1 (kafka.cluster.Partition)
[2022-12-05 03:44:05,534] INFO [Partition __consumer_offsets-37 broker=2] __consumer_offsets-37 starts at Leader Epoch 0 from offset 0. Previous Leader Epoch was: -1 (kafka.cluster.Partition)
[2022-12-05 03:44:05,538] INFO [Partition __consumer_offsets-34 broker=2] No checkpointed highwatermark is found for partition __consumer_offsets-34 (kafka.cluster.Partition)
[2022-12-05 03:44:05,538] INFO [Partition __consumer_offsets-34 broker=2] No checkpointed highwatermark is found for partition __consumer_offsets-34 (kafka.cluster.Partition)
[2022-12-05 03:44:05,538] INFO [Partition __consumer_offsets-34 broker=2] __consumer_offsets-34 starts at Leader Epoch 0 from offset 0. Previous Leader Epoch was: -1 (kafka.cluster.Partition)
[2022-12-05 03:44:05,538] INFO [Partition __consumer_offsets-34 broker=2] __consumer_offsets-34 starts at Leader Epoch 0 from offset 0. Previous Leader Epoch was: -1 (kafka.cluster.Partition)
[2022-12-05 03:44:05,541] INFO [Partition __consumer_offsets-31 broker=2] No checkpointed highwatermark is found for partition __consumer_offsets-31 (kafka.cluster.Partition)
[2022-12-05 03:44:05,541] INFO [Partition __consumer_offsets-31 broker=2] No checkpointed highwatermark is found for partition __consumer_offsets-31 (kafka.cluster.Partition)
[2022-12-05 03:44:05,541] INFO [Partition __consumer_offsets-31 broker=2] __consumer_offsets-31 starts at Leader Epoch 0 from offset 0. Previous Leader Epoch was: -1 (kafka.cluster.Partition)
[2022-12-05 03:44:05,541] INFO [Partition __consumer_offsets-31 broker=2] __consumer_offsets-31 starts at Leader Epoch 0 from offset 0. Previous Leader Epoch was: -1 (kafka.cluster.Partition)
[2022-12-05 03:44:05,544] INFO [Partition __consumer_offsets-19 broker=2] No checkpointed highwatermark is found for partition __consumer_offsets-19 (kafka.cluster.Partition)
[2022-12-05 03:44:05,544] INFO [Partition __consumer_offsets-19 broker=2] No checkpointed highwatermark is found for partition __consumer_offsets-19 (kafka.cluster.Partition)
[2022-12-05 03:44:05,544] INFO [Partition __consumer_offsets-19 broker=2] __consumer_offsets-19 starts at Leader Epoch 0 from offset 0. Previous Leader Epoch was: -1 (kafka.cluster.Partition)
[2022-12-05 03:44:05,544] INFO [Partition __consumer_offsets-19 broker=2] __consumer_offsets-19 starts at Leader Epoch 0 from offset 0. Previous Leader Epoch was: -1 (kafka.cluster.Partition)
[2022-12-05 03:44:05,547] INFO [Partition __consumer_offsets-28 broker=2] No checkpointed highwatermark is found for partition __consumer_offsets-28 (kafka.cluster.Partition)
[2022-12-05 03:44:05,547] INFO [Partition __consumer_offsets-28 broker=2] No checkpointed highwatermark is found for partition __consumer_offsets-28 (kafka.cluster.Partition)
[2022-12-05 03:44:05,547] INFO [Partition __consumer_offsets-28 broker=2] __consumer_offsets-28 starts at Leader Epoch 0 from offset 0. Previous Leader Epoch was: -1 (kafka.cluster.Partition)
[2022-12-05 03:44:05,547] INFO [Partition __consumer_offsets-28 broker=2] __consumer_offsets-28 starts at Leader Epoch 0 from offset 0. Previous Leader Epoch was: -1 (kafka.cluster.Partition)
[2022-12-05 03:44:05,574] INFO [Partition __consumer_offsets-25 broker=2] No checkpointed highwatermark is found for partition __consumer_offsets-25 (kafka.cluster.Partition)
[2022-12-05 03:44:05,574] INFO [Partition __consumer_offsets-25 broker=2] No checkpointed highwatermark is found for partition __consumer_offsets-25 (kafka.cluster.Partition)
[2022-12-05 03:44:05,575] INFO [Partition __consumer_offsets-25 broker=2] __consumer_offsets-25 starts at Leader Epoch 0 from offset 0. Previous Leader Epoch was: -1 (kafka.cluster.Partition)
[2022-12-05 03:44:05,575] INFO [Partition __consumer_offsets-25 broker=2] __consumer_offsets-25 starts at Leader Epoch 0 from offset 0. Previous Leader Epoch was: -1 (kafka.cluster.Partition)
[2022-12-05 03:44:05,581] INFO [Partition __consumer_offsets-16 broker=2] No checkpointed highwatermark is found for partition __consumer_offsets-16 (kafka.cluster.Partition)
[2022-12-05 03:44:05,581] INFO [Partition __consumer_offsets-16 broker=2] No checkpointed highwatermark is found for partition __consumer_offsets-16 (kafka.cluster.Partition)
[2022-12-05 03:44:05,581] INFO [Partition __consumer_offsets-16 broker=2] __consumer_offsets-16 starts at Leader Epoch 0 from offset 0. Previous Leader Epoch was: -1 (kafka.cluster.Partition)
[2022-12-05 03:44:05,581] INFO [Partition __consumer_offsets-16 broker=2] __consumer_offsets-16 starts at Leader Epoch 0 from offset 0. Previous Leader Epoch was: -1 (kafka.cluster.Partition)
[2022-12-05 03:44:05,586] INFO [Partition __consumer_offsets-22 broker=2] No checkpointed highwatermark is found for partition __consumer_offsets-22 (kafka.cluster.Partition)
[2022-12-05 03:44:05,586] INFO [Partition __consumer_offsets-22 broker=2] No checkpointed highwatermark is found for partition __consumer_offsets-22 (kafka.cluster.Partition)
[2022-12-05 03:44:05,586] INFO [Partition __consumer_offsets-22 broker=2] __consumer_offsets-22 starts at Leader Epoch 0 from offset 0. Previous Leader Epoch was: -1 (kafka.cluster.Partition)
[2022-12-05 03:44:05,586] INFO [Partition __consumer_offsets-22 broker=2] __consumer_offsets-22 starts at Leader Epoch 0 from offset 0. Previous Leader Epoch was: -1 (kafka.cluster.Partition)
[2022-12-05 03:44:05,591] INFO [Partition __consumer_offsets-13 broker=2] No checkpointed highwatermark is found for partition __consumer_offsets-13 (kafka.cluster.Partition)
[2022-12-05 03:44:05,591] INFO [Partition __consumer_offsets-13 broker=2] No checkpointed highwatermark is found for partition __consumer_offsets-13 (kafka.cluster.Partition)
[2022-12-05 03:44:05,591] INFO [Partition __consumer_offsets-13 broker=2] __consumer_offsets-13 starts at Leader Epoch 0 from offset 0. Previous Leader Epoch was: -1 (kafka.cluster.Partition)
[2022-12-05 03:44:05,591] INFO [Partition __consumer_offsets-13 broker=2] __consumer_offsets-13 starts at Leader Epoch 0 from offset 0. Previous Leader Epoch was: -1 (kafka.cluster.Partition)
[2022-12-05 03:44:05,714] WARN [Log partition=__consumer_offsets-16, dir=/dev/shm/kafka-logs] ~~~  updateLogEndOffset: messageOffset=1, activeSegment.baseOffset=0, activeSegment.size=136, timestamp=1670211845713899 (kafka.log.Log)
[2022-12-05 03:44:05,714] WARN [Log partition=__consumer_offsets-16, dir=/dev/shm/kafka-logs] ~~~  updateLogEndOffset: messageOffset=1, activeSegment.baseOffset=0, activeSegment.size=136, timestamp=1670211845713899 (kafka.log.Log)
[2022-12-05 03:44:05,717] INFO [Partition __consumer_offsets-16 broker=2] .~~~  Partition maybeincrementLeaderHW : newHW=(offset=1 segment=[0:136]),timestamp=1670211845717732 (kafka.cluster.Partition)
[2022-12-05 03:44:05,717] INFO [Partition __consumer_offsets-16 broker=2] .~~~  Partition maybeincrementLeaderHW : newHW=(offset=1 segment=[0:136]),timestamp=1670211845717732 (kafka.cluster.Partition)
