[2022-12-05 04:29:54,275] INFO [Partition testname3-0 broker=2] No checkpointed highwatermark is found for partition testname3-0 (kafka.cluster.Partition)
[2022-12-05 04:29:54,275] INFO [Partition testname3-0 broker=2] No checkpointed highwatermark is found for partition testname3-0 (kafka.cluster.Partition)
[2022-12-05 04:30:09,999] INFO [Partition __consumer_offsets-29 broker=2] No checkpointed highwatermark is found for partition __consumer_offsets-29 (kafka.cluster.Partition)
[2022-12-05 04:30:09,999] INFO [Partition __consumer_offsets-29 broker=2] No checkpointed highwatermark is found for partition __consumer_offsets-29 (kafka.cluster.Partition)
[2022-12-05 04:30:10,002] INFO [Partition __consumer_offsets-29 broker=2] __consumer_offsets-29 starts at Leader Epoch 0 from offset 0. Previous Leader Epoch was: -1 (kafka.cluster.Partition)
[2022-12-05 04:30:10,002] INFO [Partition __consumer_offsets-29 broker=2] __consumer_offsets-29 starts at Leader Epoch 0 from offset 0. Previous Leader Epoch was: -1 (kafka.cluster.Partition)
[2022-12-05 04:30:10,015] INFO [Partition __consumer_offsets-26 broker=2] No checkpointed highwatermark is found for partition __consumer_offsets-26 (kafka.cluster.Partition)
[2022-12-05 04:30:10,015] INFO [Partition __consumer_offsets-26 broker=2] No checkpointed highwatermark is found for partition __consumer_offsets-26 (kafka.cluster.Partition)
[2022-12-05 04:30:10,015] INFO [Partition __consumer_offsets-26 broker=2] __consumer_offsets-26 starts at Leader Epoch 0 from offset 0. Previous Leader Epoch was: -1 (kafka.cluster.Partition)
[2022-12-05 04:30:10,015] INFO [Partition __consumer_offsets-26 broker=2] __consumer_offsets-26 starts at Leader Epoch 0 from offset 0. Previous Leader Epoch was: -1 (kafka.cluster.Partition)
[2022-12-05 04:30:10,018] INFO [Partition __consumer_offsets-23 broker=2] No checkpointed highwatermark is found for partition __consumer_offsets-23 (kafka.cluster.Partition)
[2022-12-05 04:30:10,018] INFO [Partition __consumer_offsets-23 broker=2] No checkpointed highwatermark is found for partition __consumer_offsets-23 (kafka.cluster.Partition)
[2022-12-05 04:30:10,019] INFO [Partition __consumer_offsets-23 broker=2] __consumer_offsets-23 starts at Leader Epoch 0 from offset 0. Previous Leader Epoch was: -1 (kafka.cluster.Partition)
[2022-12-05 04:30:10,019] INFO [Partition __consumer_offsets-23 broker=2] __consumer_offsets-23 starts at Leader Epoch 0 from offset 0. Previous Leader Epoch was: -1 (kafka.cluster.Partition)
[2022-12-05 04:30:10,023] INFO [Partition __consumer_offsets-20 broker=2] No checkpointed highwatermark is found for partition __consumer_offsets-20 (kafka.cluster.Partition)
[2022-12-05 04:30:10,023] INFO [Partition __consumer_offsets-20 broker=2] No checkpointed highwatermark is found for partition __consumer_offsets-20 (kafka.cluster.Partition)
[2022-12-05 04:30:10,023] INFO [Partition __consumer_offsets-20 broker=2] __consumer_offsets-20 starts at Leader Epoch 0 from offset 0. Previous Leader Epoch was: -1 (kafka.cluster.Partition)
[2022-12-05 04:30:10,023] INFO [Partition __consumer_offsets-20 broker=2] __consumer_offsets-20 starts at Leader Epoch 0 from offset 0. Previous Leader Epoch was: -1 (kafka.cluster.Partition)
[2022-12-05 04:30:10,027] INFO [Partition __consumer_offsets-17 broker=2] No checkpointed highwatermark is found for partition __consumer_offsets-17 (kafka.cluster.Partition)
[2022-12-05 04:30:10,027] INFO [Partition __consumer_offsets-17 broker=2] No checkpointed highwatermark is found for partition __consumer_offsets-17 (kafka.cluster.Partition)
[2022-12-05 04:30:10,028] INFO [Partition __consumer_offsets-17 broker=2] __consumer_offsets-17 starts at Leader Epoch 0 from offset 0. Previous Leader Epoch was: -1 (kafka.cluster.Partition)
[2022-12-05 04:30:10,028] INFO [Partition __consumer_offsets-17 broker=2] __consumer_offsets-17 starts at Leader Epoch 0 from offset 0. Previous Leader Epoch was: -1 (kafka.cluster.Partition)
[2022-12-05 04:30:10,032] INFO [Partition __consumer_offsets-14 broker=2] No checkpointed highwatermark is found for partition __consumer_offsets-14 (kafka.cluster.Partition)
[2022-12-05 04:30:10,032] INFO [Partition __consumer_offsets-14 broker=2] No checkpointed highwatermark is found for partition __consumer_offsets-14 (kafka.cluster.Partition)
[2022-12-05 04:30:10,032] INFO [Partition __consumer_offsets-14 broker=2] __consumer_offsets-14 starts at Leader Epoch 0 from offset 0. Previous Leader Epoch was: -1 (kafka.cluster.Partition)
[2022-12-05 04:30:10,032] INFO [Partition __consumer_offsets-14 broker=2] __consumer_offsets-14 starts at Leader Epoch 0 from offset 0. Previous Leader Epoch was: -1 (kafka.cluster.Partition)
[2022-12-05 04:30:10,036] INFO [Partition __consumer_offsets-11 broker=2] No checkpointed highwatermark is found for partition __consumer_offsets-11 (kafka.cluster.Partition)
[2022-12-05 04:30:10,036] INFO [Partition __consumer_offsets-11 broker=2] No checkpointed highwatermark is found for partition __consumer_offsets-11 (kafka.cluster.Partition)
[2022-12-05 04:30:10,036] INFO [Partition __consumer_offsets-11 broker=2] __consumer_offsets-11 starts at Leader Epoch 0 from offset 0. Previous Leader Epoch was: -1 (kafka.cluster.Partition)
[2022-12-05 04:30:10,036] INFO [Partition __consumer_offsets-11 broker=2] __consumer_offsets-11 starts at Leader Epoch 0 from offset 0. Previous Leader Epoch was: -1 (kafka.cluster.Partition)
[2022-12-05 04:30:10,039] INFO [Partition __consumer_offsets-8 broker=2] No checkpointed highwatermark is found for partition __consumer_offsets-8 (kafka.cluster.Partition)
[2022-12-05 04:30:10,039] INFO [Partition __consumer_offsets-8 broker=2] No checkpointed highwatermark is found for partition __consumer_offsets-8 (kafka.cluster.Partition)
[2022-12-05 04:30:10,039] INFO [Partition __consumer_offsets-8 broker=2] __consumer_offsets-8 starts at Leader Epoch 0 from offset 0. Previous Leader Epoch was: -1 (kafka.cluster.Partition)
[2022-12-05 04:30:10,039] INFO [Partition __consumer_offsets-8 broker=2] __consumer_offsets-8 starts at Leader Epoch 0 from offset 0. Previous Leader Epoch was: -1 (kafka.cluster.Partition)
[2022-12-05 04:30:10,043] INFO [Partition __consumer_offsets-5 broker=2] No checkpointed highwatermark is found for partition __consumer_offsets-5 (kafka.cluster.Partition)
[2022-12-05 04:30:10,043] INFO [Partition __consumer_offsets-5 broker=2] No checkpointed highwatermark is found for partition __consumer_offsets-5 (kafka.cluster.Partition)
[2022-12-05 04:30:10,043] INFO [Partition __consumer_offsets-5 broker=2] __consumer_offsets-5 starts at Leader Epoch 0 from offset 0. Previous Leader Epoch was: -1 (kafka.cluster.Partition)
[2022-12-05 04:30:10,043] INFO [Partition __consumer_offsets-5 broker=2] __consumer_offsets-5 starts at Leader Epoch 0 from offset 0. Previous Leader Epoch was: -1 (kafka.cluster.Partition)
[2022-12-05 04:30:10,046] INFO [Partition __consumer_offsets-2 broker=2] No checkpointed highwatermark is found for partition __consumer_offsets-2 (kafka.cluster.Partition)
[2022-12-05 04:30:10,046] INFO [Partition __consumer_offsets-2 broker=2] No checkpointed highwatermark is found for partition __consumer_offsets-2 (kafka.cluster.Partition)
[2022-12-05 04:30:10,046] INFO [Partition __consumer_offsets-2 broker=2] __consumer_offsets-2 starts at Leader Epoch 0 from offset 0. Previous Leader Epoch was: -1 (kafka.cluster.Partition)
[2022-12-05 04:30:10,046] INFO [Partition __consumer_offsets-2 broker=2] __consumer_offsets-2 starts at Leader Epoch 0 from offset 0. Previous Leader Epoch was: -1 (kafka.cluster.Partition)
[2022-12-05 04:30:10,049] INFO [Partition __consumer_offsets-47 broker=2] No checkpointed highwatermark is found for partition __consumer_offsets-47 (kafka.cluster.Partition)
[2022-12-05 04:30:10,049] INFO [Partition __consumer_offsets-47 broker=2] No checkpointed highwatermark is found for partition __consumer_offsets-47 (kafka.cluster.Partition)
[2022-12-05 04:30:10,049] INFO [Partition __consumer_offsets-47 broker=2] __consumer_offsets-47 starts at Leader Epoch 0 from offset 0. Previous Leader Epoch was: -1 (kafka.cluster.Partition)
[2022-12-05 04:30:10,049] INFO [Partition __consumer_offsets-47 broker=2] __consumer_offsets-47 starts at Leader Epoch 0 from offset 0. Previous Leader Epoch was: -1 (kafka.cluster.Partition)
[2022-12-05 04:30:10,053] INFO [Partition __consumer_offsets-38 broker=2] No checkpointed highwatermark is found for partition __consumer_offsets-38 (kafka.cluster.Partition)
[2022-12-05 04:30:10,053] INFO [Partition __consumer_offsets-38 broker=2] No checkpointed highwatermark is found for partition __consumer_offsets-38 (kafka.cluster.Partition)
[2022-12-05 04:30:10,053] INFO [Partition __consumer_offsets-38 broker=2] __consumer_offsets-38 starts at Leader Epoch 0 from offset 0. Previous Leader Epoch was: -1 (kafka.cluster.Partition)
[2022-12-05 04:30:10,053] INFO [Partition __consumer_offsets-38 broker=2] __consumer_offsets-38 starts at Leader Epoch 0 from offset 0. Previous Leader Epoch was: -1 (kafka.cluster.Partition)
[2022-12-05 04:30:10,057] INFO [Partition __consumer_offsets-35 broker=2] No checkpointed highwatermark is found for partition __consumer_offsets-35 (kafka.cluster.Partition)
[2022-12-05 04:30:10,057] INFO [Partition __consumer_offsets-35 broker=2] No checkpointed highwatermark is found for partition __consumer_offsets-35 (kafka.cluster.Partition)
[2022-12-05 04:30:10,057] INFO [Partition __consumer_offsets-35 broker=2] __consumer_offsets-35 starts at Leader Epoch 0 from offset 0. Previous Leader Epoch was: -1 (kafka.cluster.Partition)
[2022-12-05 04:30:10,057] INFO [Partition __consumer_offsets-35 broker=2] __consumer_offsets-35 starts at Leader Epoch 0 from offset 0. Previous Leader Epoch was: -1 (kafka.cluster.Partition)
[2022-12-05 04:30:10,095] INFO [Partition __consumer_offsets-44 broker=2] No checkpointed highwatermark is found for partition __consumer_offsets-44 (kafka.cluster.Partition)
[2022-12-05 04:30:10,095] INFO [Partition __consumer_offsets-44 broker=2] No checkpointed highwatermark is found for partition __consumer_offsets-44 (kafka.cluster.Partition)
[2022-12-05 04:30:10,095] INFO [Partition __consumer_offsets-44 broker=2] __consumer_offsets-44 starts at Leader Epoch 0 from offset 0. Previous Leader Epoch was: -1 (kafka.cluster.Partition)
[2022-12-05 04:30:10,095] INFO [Partition __consumer_offsets-44 broker=2] __consumer_offsets-44 starts at Leader Epoch 0 from offset 0. Previous Leader Epoch was: -1 (kafka.cluster.Partition)
[2022-12-05 04:30:10,101] INFO [Partition __consumer_offsets-32 broker=2] No checkpointed highwatermark is found for partition __consumer_offsets-32 (kafka.cluster.Partition)
[2022-12-05 04:30:10,101] INFO [Partition __consumer_offsets-32 broker=2] No checkpointed highwatermark is found for partition __consumer_offsets-32 (kafka.cluster.Partition)
[2022-12-05 04:30:10,101] INFO [Partition __consumer_offsets-32 broker=2] __consumer_offsets-32 starts at Leader Epoch 0 from offset 0. Previous Leader Epoch was: -1 (kafka.cluster.Partition)
[2022-12-05 04:30:10,101] INFO [Partition __consumer_offsets-32 broker=2] __consumer_offsets-32 starts at Leader Epoch 0 from offset 0. Previous Leader Epoch was: -1 (kafka.cluster.Partition)
[2022-12-05 04:30:10,106] INFO [Partition __consumer_offsets-41 broker=2] No checkpointed highwatermark is found for partition __consumer_offsets-41 (kafka.cluster.Partition)
[2022-12-05 04:30:10,106] INFO [Partition __consumer_offsets-41 broker=2] No checkpointed highwatermark is found for partition __consumer_offsets-41 (kafka.cluster.Partition)
[2022-12-05 04:30:10,106] INFO [Partition __consumer_offsets-41 broker=2] __consumer_offsets-41 starts at Leader Epoch 0 from offset 0. Previous Leader Epoch was: -1 (kafka.cluster.Partition)
[2022-12-05 04:30:10,106] INFO [Partition __consumer_offsets-41 broker=2] __consumer_offsets-41 starts at Leader Epoch 0 from offset 0. Previous Leader Epoch was: -1 (kafka.cluster.Partition)
[2022-12-05 04:30:10,252] WARN [Log partition=__consumer_offsets-5, dir=/dev/shm/kafka-logs] ~~~  updateLogEndOffset: messageOffset=1, activeSegment.baseOffset=0, activeSegment.size=136, timestamp=1670214610252217 (kafka.log.Log)
[2022-12-05 04:30:10,252] WARN [Log partition=__consumer_offsets-5, dir=/dev/shm/kafka-logs] ~~~  updateLogEndOffset: messageOffset=1, activeSegment.baseOffset=0, activeSegment.size=136, timestamp=1670214610252217 (kafka.log.Log)
[2022-12-05 04:30:10,255] INFO [Partition __consumer_offsets-5 broker=2] .~~~  Partition maybeincrementLeaderHW : newHW=(offset=1 segment=[0:136]),timestamp=1670214610255589 (kafka.cluster.Partition)
[2022-12-05 04:30:10,255] INFO [Partition __consumer_offsets-5 broker=2] .~~~  Partition maybeincrementLeaderHW : newHW=(offset=1 segment=[0:136]),timestamp=1670214610255589 (kafka.cluster.Partition)
