[2022-12-05 03:07:23,890] INFO [Partition testname3-0 broker=1] No checkpointed highwatermark is found for partition testname3-0 (kafka.cluster.Partition)
[2022-12-05 03:07:23,890] INFO [Partition testname3-0 broker=1] No checkpointed highwatermark is found for partition testname3-0 (kafka.cluster.Partition)
[2022-12-05 03:07:38,469] INFO [KafkaApi-1] Auto creation of topic __consumer_offsets with 50 partitions and replication factor 1 is successful (kafka.server.KafkaApis)
[2022-12-05 03:07:38,469] INFO [KafkaApi-1] Auto creation of topic __consumer_offsets with 50 partitions and replication factor 1 is successful (kafka.server.KafkaApis)
[2022-12-05 03:07:38,731] INFO [Partition __consumer_offsets-10 broker=1] No checkpointed highwatermark is found for partition __consumer_offsets-10 (kafka.cluster.Partition)
[2022-12-05 03:07:38,731] INFO [Partition __consumer_offsets-10 broker=1] No checkpointed highwatermark is found for partition __consumer_offsets-10 (kafka.cluster.Partition)
[2022-12-05 03:07:38,733] INFO [Partition __consumer_offsets-10 broker=1] __consumer_offsets-10 starts at Leader Epoch 0 from offset 0. Previous Leader Epoch was: -1 (kafka.cluster.Partition)
[2022-12-05 03:07:38,733] INFO [Partition __consumer_offsets-10 broker=1] __consumer_offsets-10 starts at Leader Epoch 0 from offset 0. Previous Leader Epoch was: -1 (kafka.cluster.Partition)
[2022-12-05 03:07:38,747] INFO [Partition __consumer_offsets-7 broker=1] No checkpointed highwatermark is found for partition __consumer_offsets-7 (kafka.cluster.Partition)
[2022-12-05 03:07:38,747] INFO [Partition __consumer_offsets-7 broker=1] No checkpointed highwatermark is found for partition __consumer_offsets-7 (kafka.cluster.Partition)
[2022-12-05 03:07:38,747] INFO [Partition __consumer_offsets-7 broker=1] __consumer_offsets-7 starts at Leader Epoch 0 from offset 0. Previous Leader Epoch was: -1 (kafka.cluster.Partition)
[2022-12-05 03:07:38,747] INFO [Partition __consumer_offsets-7 broker=1] __consumer_offsets-7 starts at Leader Epoch 0 from offset 0. Previous Leader Epoch was: -1 (kafka.cluster.Partition)
[2022-12-05 03:07:38,751] INFO [Partition __consumer_offsets-4 broker=1] No checkpointed highwatermark is found for partition __consumer_offsets-4 (kafka.cluster.Partition)
[2022-12-05 03:07:38,751] INFO [Partition __consumer_offsets-4 broker=1] No checkpointed highwatermark is found for partition __consumer_offsets-4 (kafka.cluster.Partition)
[2022-12-05 03:07:38,751] INFO [Partition __consumer_offsets-4 broker=1] __consumer_offsets-4 starts at Leader Epoch 0 from offset 0. Previous Leader Epoch was: -1 (kafka.cluster.Partition)
[2022-12-05 03:07:38,751] INFO [Partition __consumer_offsets-4 broker=1] __consumer_offsets-4 starts at Leader Epoch 0 from offset 0. Previous Leader Epoch was: -1 (kafka.cluster.Partition)
[2022-12-05 03:07:38,755] INFO [Partition __consumer_offsets-1 broker=1] No checkpointed highwatermark is found for partition __consumer_offsets-1 (kafka.cluster.Partition)
[2022-12-05 03:07:38,755] INFO [Partition __consumer_offsets-1 broker=1] No checkpointed highwatermark is found for partition __consumer_offsets-1 (kafka.cluster.Partition)
[2022-12-05 03:07:38,755] INFO [Partition __consumer_offsets-1 broker=1] __consumer_offsets-1 starts at Leader Epoch 0 from offset 0. Previous Leader Epoch was: -1 (kafka.cluster.Partition)
[2022-12-05 03:07:38,755] INFO [Partition __consumer_offsets-1 broker=1] __consumer_offsets-1 starts at Leader Epoch 0 from offset 0. Previous Leader Epoch was: -1 (kafka.cluster.Partition)
[2022-12-05 03:07:38,759] INFO [Partition __consumer_offsets-49 broker=1] No checkpointed highwatermark is found for partition __consumer_offsets-49 (kafka.cluster.Partition)
[2022-12-05 03:07:38,759] INFO [Partition __consumer_offsets-49 broker=1] No checkpointed highwatermark is found for partition __consumer_offsets-49 (kafka.cluster.Partition)
[2022-12-05 03:07:38,759] INFO [Partition __consumer_offsets-49 broker=1] __consumer_offsets-49 starts at Leader Epoch 0 from offset 0. Previous Leader Epoch was: -1 (kafka.cluster.Partition)
[2022-12-05 03:07:38,759] INFO [Partition __consumer_offsets-49 broker=1] __consumer_offsets-49 starts at Leader Epoch 0 from offset 0. Previous Leader Epoch was: -1 (kafka.cluster.Partition)
[2022-12-05 03:07:38,763] INFO [Partition __consumer_offsets-46 broker=1] No checkpointed highwatermark is found for partition __consumer_offsets-46 (kafka.cluster.Partition)
[2022-12-05 03:07:38,763] INFO [Partition __consumer_offsets-46 broker=1] No checkpointed highwatermark is found for partition __consumer_offsets-46 (kafka.cluster.Partition)
[2022-12-05 03:07:38,764] INFO [Partition __consumer_offsets-46 broker=1] __consumer_offsets-46 starts at Leader Epoch 0 from offset 0. Previous Leader Epoch was: -1 (kafka.cluster.Partition)
[2022-12-05 03:07:38,764] INFO [Partition __consumer_offsets-46 broker=1] __consumer_offsets-46 starts at Leader Epoch 0 from offset 0. Previous Leader Epoch was: -1 (kafka.cluster.Partition)
[2022-12-05 03:07:38,768] INFO [Partition __consumer_offsets-43 broker=1] No checkpointed highwatermark is found for partition __consumer_offsets-43 (kafka.cluster.Partition)
[2022-12-05 03:07:38,768] INFO [Partition __consumer_offsets-43 broker=1] No checkpointed highwatermark is found for partition __consumer_offsets-43 (kafka.cluster.Partition)
[2022-12-05 03:07:38,768] INFO [Partition __consumer_offsets-43 broker=1] __consumer_offsets-43 starts at Leader Epoch 0 from offset 0. Previous Leader Epoch was: -1 (kafka.cluster.Partition)
[2022-12-05 03:07:38,768] INFO [Partition __consumer_offsets-43 broker=1] __consumer_offsets-43 starts at Leader Epoch 0 from offset 0. Previous Leader Epoch was: -1 (kafka.cluster.Partition)
[2022-12-05 03:07:38,771] INFO [Partition __consumer_offsets-40 broker=1] No checkpointed highwatermark is found for partition __consumer_offsets-40 (kafka.cluster.Partition)
[2022-12-05 03:07:38,771] INFO [Partition __consumer_offsets-40 broker=1] No checkpointed highwatermark is found for partition __consumer_offsets-40 (kafka.cluster.Partition)
[2022-12-05 03:07:38,771] INFO [Partition __consumer_offsets-40 broker=1] __consumer_offsets-40 starts at Leader Epoch 0 from offset 0. Previous Leader Epoch was: -1 (kafka.cluster.Partition)
[2022-12-05 03:07:38,771] INFO [Partition __consumer_offsets-40 broker=1] __consumer_offsets-40 starts at Leader Epoch 0 from offset 0. Previous Leader Epoch was: -1 (kafka.cluster.Partition)
[2022-12-05 03:07:38,775] INFO [Partition __consumer_offsets-37 broker=1] No checkpointed highwatermark is found for partition __consumer_offsets-37 (kafka.cluster.Partition)
[2022-12-05 03:07:38,775] INFO [Partition __consumer_offsets-37 broker=1] No checkpointed highwatermark is found for partition __consumer_offsets-37 (kafka.cluster.Partition)
[2022-12-05 03:07:38,775] INFO [Partition __consumer_offsets-37 broker=1] __consumer_offsets-37 starts at Leader Epoch 0 from offset 0. Previous Leader Epoch was: -1 (kafka.cluster.Partition)
[2022-12-05 03:07:38,775] INFO [Partition __consumer_offsets-37 broker=1] __consumer_offsets-37 starts at Leader Epoch 0 from offset 0. Previous Leader Epoch was: -1 (kafka.cluster.Partition)
[2022-12-05 03:07:38,778] INFO [Partition __consumer_offsets-34 broker=1] No checkpointed highwatermark is found for partition __consumer_offsets-34 (kafka.cluster.Partition)
[2022-12-05 03:07:38,778] INFO [Partition __consumer_offsets-34 broker=1] No checkpointed highwatermark is found for partition __consumer_offsets-34 (kafka.cluster.Partition)
[2022-12-05 03:07:38,778] INFO [Partition __consumer_offsets-34 broker=1] __consumer_offsets-34 starts at Leader Epoch 0 from offset 0. Previous Leader Epoch was: -1 (kafka.cluster.Partition)
[2022-12-05 03:07:38,778] INFO [Partition __consumer_offsets-34 broker=1] __consumer_offsets-34 starts at Leader Epoch 0 from offset 0. Previous Leader Epoch was: -1 (kafka.cluster.Partition)
[2022-12-05 03:07:38,781] INFO [Partition __consumer_offsets-31 broker=1] No checkpointed highwatermark is found for partition __consumer_offsets-31 (kafka.cluster.Partition)
[2022-12-05 03:07:38,781] INFO [Partition __consumer_offsets-31 broker=1] No checkpointed highwatermark is found for partition __consumer_offsets-31 (kafka.cluster.Partition)
[2022-12-05 03:07:38,782] INFO [Partition __consumer_offsets-31 broker=1] __consumer_offsets-31 starts at Leader Epoch 0 from offset 0. Previous Leader Epoch was: -1 (kafka.cluster.Partition)
[2022-12-05 03:07:38,782] INFO [Partition __consumer_offsets-31 broker=1] __consumer_offsets-31 starts at Leader Epoch 0 from offset 0. Previous Leader Epoch was: -1 (kafka.cluster.Partition)
[2022-12-05 03:07:38,785] INFO [Partition __consumer_offsets-19 broker=1] No checkpointed highwatermark is found for partition __consumer_offsets-19 (kafka.cluster.Partition)
[2022-12-05 03:07:38,785] INFO [Partition __consumer_offsets-19 broker=1] No checkpointed highwatermark is found for partition __consumer_offsets-19 (kafka.cluster.Partition)
[2022-12-05 03:07:38,785] INFO [Partition __consumer_offsets-19 broker=1] __consumer_offsets-19 starts at Leader Epoch 0 from offset 0. Previous Leader Epoch was: -1 (kafka.cluster.Partition)
[2022-12-05 03:07:38,785] INFO [Partition __consumer_offsets-19 broker=1] __consumer_offsets-19 starts at Leader Epoch 0 from offset 0. Previous Leader Epoch was: -1 (kafka.cluster.Partition)
[2022-12-05 03:07:38,788] INFO [Partition __consumer_offsets-28 broker=1] No checkpointed highwatermark is found for partition __consumer_offsets-28 (kafka.cluster.Partition)
[2022-12-05 03:07:38,788] INFO [Partition __consumer_offsets-28 broker=1] No checkpointed highwatermark is found for partition __consumer_offsets-28 (kafka.cluster.Partition)
[2022-12-05 03:07:38,789] INFO [Partition __consumer_offsets-28 broker=1] __consumer_offsets-28 starts at Leader Epoch 0 from offset 0. Previous Leader Epoch was: -1 (kafka.cluster.Partition)
[2022-12-05 03:07:38,789] INFO [Partition __consumer_offsets-28 broker=1] __consumer_offsets-28 starts at Leader Epoch 0 from offset 0. Previous Leader Epoch was: -1 (kafka.cluster.Partition)
[2022-12-05 03:07:38,792] INFO [Partition __consumer_offsets-25 broker=1] No checkpointed highwatermark is found for partition __consumer_offsets-25 (kafka.cluster.Partition)
[2022-12-05 03:07:38,792] INFO [Partition __consumer_offsets-25 broker=1] No checkpointed highwatermark is found for partition __consumer_offsets-25 (kafka.cluster.Partition)
[2022-12-05 03:07:38,792] INFO [Partition __consumer_offsets-25 broker=1] __consumer_offsets-25 starts at Leader Epoch 0 from offset 0. Previous Leader Epoch was: -1 (kafka.cluster.Partition)
[2022-12-05 03:07:38,792] INFO [Partition __consumer_offsets-25 broker=1] __consumer_offsets-25 starts at Leader Epoch 0 from offset 0. Previous Leader Epoch was: -1 (kafka.cluster.Partition)
[2022-12-05 03:07:38,833] INFO [Partition __consumer_offsets-16 broker=1] No checkpointed highwatermark is found for partition __consumer_offsets-16 (kafka.cluster.Partition)
[2022-12-05 03:07:38,833] INFO [Partition __consumer_offsets-16 broker=1] No checkpointed highwatermark is found for partition __consumer_offsets-16 (kafka.cluster.Partition)
[2022-12-05 03:07:38,833] INFO [Partition __consumer_offsets-16 broker=1] __consumer_offsets-16 starts at Leader Epoch 0 from offset 0. Previous Leader Epoch was: -1 (kafka.cluster.Partition)
[2022-12-05 03:07:38,833] INFO [Partition __consumer_offsets-16 broker=1] __consumer_offsets-16 starts at Leader Epoch 0 from offset 0. Previous Leader Epoch was: -1 (kafka.cluster.Partition)
[2022-12-05 03:07:38,841] INFO [Partition __consumer_offsets-22 broker=1] No checkpointed highwatermark is found for partition __consumer_offsets-22 (kafka.cluster.Partition)
[2022-12-05 03:07:38,841] INFO [Partition __consumer_offsets-22 broker=1] No checkpointed highwatermark is found for partition __consumer_offsets-22 (kafka.cluster.Partition)
[2022-12-05 03:07:38,842] INFO [Partition __consumer_offsets-22 broker=1] __consumer_offsets-22 starts at Leader Epoch 0 from offset 0. Previous Leader Epoch was: -1 (kafka.cluster.Partition)
[2022-12-05 03:07:38,842] INFO [Partition __consumer_offsets-22 broker=1] __consumer_offsets-22 starts at Leader Epoch 0 from offset 0. Previous Leader Epoch was: -1 (kafka.cluster.Partition)
[2022-12-05 03:07:38,846] INFO [Partition __consumer_offsets-13 broker=1] No checkpointed highwatermark is found for partition __consumer_offsets-13 (kafka.cluster.Partition)
[2022-12-05 03:07:38,846] INFO [Partition __consumer_offsets-13 broker=1] No checkpointed highwatermark is found for partition __consumer_offsets-13 (kafka.cluster.Partition)
[2022-12-05 03:07:38,846] INFO [Partition __consumer_offsets-13 broker=1] __consumer_offsets-13 starts at Leader Epoch 0 from offset 0. Previous Leader Epoch was: -1 (kafka.cluster.Partition)
[2022-12-05 03:07:38,846] INFO [Partition __consumer_offsets-13 broker=1] __consumer_offsets-13 starts at Leader Epoch 0 from offset 0. Previous Leader Epoch was: -1 (kafka.cluster.Partition)
[2022-12-05 03:07:39,018] WARN [Log partition=__consumer_offsets-4, dir=/dev/shm/kafka-logs] ~~~  updateLogEndOffset: messageOffset=1, activeSegment.baseOffset=0, activeSegment.size=136, timestamp=1670209659017156 (kafka.log.Log)
[2022-12-05 03:07:39,018] WARN [Log partition=__consumer_offsets-4, dir=/dev/shm/kafka-logs] ~~~  updateLogEndOffset: messageOffset=1, activeSegment.baseOffset=0, activeSegment.size=136, timestamp=1670209659017156 (kafka.log.Log)
[2022-12-05 03:07:39,021] INFO [Partition __consumer_offsets-4 broker=1] .~~~  Partition maybeincrementLeaderHW : newHW=(offset=1 segment=[0:136]),timestamp=1670209659021472 (kafka.cluster.Partition)
[2022-12-05 03:07:39,021] INFO [Partition __consumer_offsets-4 broker=1] .~~~  Partition maybeincrementLeaderHW : newHW=(offset=1 segment=[0:136]),timestamp=1670209659021472 (kafka.cluster.Partition)
