[2022-12-04 22:43:06,985] INFO [Partition testname3-0 broker=2] No checkpointed highwatermark is found for partition testname3-0 (kafka.cluster.Partition)
[2022-12-04 22:43:06,985] INFO [Partition testname3-0 broker=2] No checkpointed highwatermark is found for partition testname3-0 (kafka.cluster.Partition)
[2022-12-04 22:43:26,375] INFO [KafkaApi-2] Auto creation of topic __consumer_offsets with 50 partitions and replication factor 1 is successful (kafka.server.KafkaApis)
[2022-12-04 22:43:26,375] INFO [KafkaApi-2] Auto creation of topic __consumer_offsets with 50 partitions and replication factor 1 is successful (kafka.server.KafkaApis)
[2022-12-04 22:43:26,659] INFO [Partition __consumer_offsets-10 broker=2] No checkpointed highwatermark is found for partition __consumer_offsets-10 (kafka.cluster.Partition)
[2022-12-04 22:43:26,659] INFO [Partition __consumer_offsets-10 broker=2] No checkpointed highwatermark is found for partition __consumer_offsets-10 (kafka.cluster.Partition)
[2022-12-04 22:43:26,660] INFO [Partition __consumer_offsets-10 broker=2] __consumer_offsets-10 starts at Leader Epoch 0 from offset 0. Previous Leader Epoch was: -1 (kafka.cluster.Partition)
[2022-12-04 22:43:26,660] INFO [Partition __consumer_offsets-10 broker=2] __consumer_offsets-10 starts at Leader Epoch 0 from offset 0. Previous Leader Epoch was: -1 (kafka.cluster.Partition)
[2022-12-04 22:43:26,673] INFO [Partition __consumer_offsets-7 broker=2] No checkpointed highwatermark is found for partition __consumer_offsets-7 (kafka.cluster.Partition)
[2022-12-04 22:43:26,673] INFO [Partition __consumer_offsets-7 broker=2] No checkpointed highwatermark is found for partition __consumer_offsets-7 (kafka.cluster.Partition)
[2022-12-04 22:43:26,673] INFO [Partition __consumer_offsets-7 broker=2] __consumer_offsets-7 starts at Leader Epoch 0 from offset 0. Previous Leader Epoch was: -1 (kafka.cluster.Partition)
[2022-12-04 22:43:26,673] INFO [Partition __consumer_offsets-7 broker=2] __consumer_offsets-7 starts at Leader Epoch 0 from offset 0. Previous Leader Epoch was: -1 (kafka.cluster.Partition)
[2022-12-04 22:43:26,677] INFO [Partition __consumer_offsets-4 broker=2] No checkpointed highwatermark is found for partition __consumer_offsets-4 (kafka.cluster.Partition)
[2022-12-04 22:43:26,677] INFO [Partition __consumer_offsets-4 broker=2] No checkpointed highwatermark is found for partition __consumer_offsets-4 (kafka.cluster.Partition)
[2022-12-04 22:43:26,677] INFO [Partition __consumer_offsets-4 broker=2] __consumer_offsets-4 starts at Leader Epoch 0 from offset 0. Previous Leader Epoch was: -1 (kafka.cluster.Partition)
[2022-12-04 22:43:26,677] INFO [Partition __consumer_offsets-4 broker=2] __consumer_offsets-4 starts at Leader Epoch 0 from offset 0. Previous Leader Epoch was: -1 (kafka.cluster.Partition)
[2022-12-04 22:43:26,681] INFO [Partition __consumer_offsets-1 broker=2] No checkpointed highwatermark is found for partition __consumer_offsets-1 (kafka.cluster.Partition)
[2022-12-04 22:43:26,681] INFO [Partition __consumer_offsets-1 broker=2] No checkpointed highwatermark is found for partition __consumer_offsets-1 (kafka.cluster.Partition)
[2022-12-04 22:43:26,681] INFO [Partition __consumer_offsets-1 broker=2] __consumer_offsets-1 starts at Leader Epoch 0 from offset 0. Previous Leader Epoch was: -1 (kafka.cluster.Partition)
[2022-12-04 22:43:26,681] INFO [Partition __consumer_offsets-1 broker=2] __consumer_offsets-1 starts at Leader Epoch 0 from offset 0. Previous Leader Epoch was: -1 (kafka.cluster.Partition)
[2022-12-04 22:43:26,684] INFO [Partition __consumer_offsets-49 broker=2] No checkpointed highwatermark is found for partition __consumer_offsets-49 (kafka.cluster.Partition)
[2022-12-04 22:43:26,684] INFO [Partition __consumer_offsets-49 broker=2] No checkpointed highwatermark is found for partition __consumer_offsets-49 (kafka.cluster.Partition)
[2022-12-04 22:43:26,685] INFO [Partition __consumer_offsets-49 broker=2] __consumer_offsets-49 starts at Leader Epoch 0 from offset 0. Previous Leader Epoch was: -1 (kafka.cluster.Partition)
[2022-12-04 22:43:26,685] INFO [Partition __consumer_offsets-49 broker=2] __consumer_offsets-49 starts at Leader Epoch 0 from offset 0. Previous Leader Epoch was: -1 (kafka.cluster.Partition)
[2022-12-04 22:43:26,688] INFO [Partition __consumer_offsets-46 broker=2] No checkpointed highwatermark is found for partition __consumer_offsets-46 (kafka.cluster.Partition)
[2022-12-04 22:43:26,688] INFO [Partition __consumer_offsets-46 broker=2] No checkpointed highwatermark is found for partition __consumer_offsets-46 (kafka.cluster.Partition)
[2022-12-04 22:43:26,688] INFO [Partition __consumer_offsets-46 broker=2] __consumer_offsets-46 starts at Leader Epoch 0 from offset 0. Previous Leader Epoch was: -1 (kafka.cluster.Partition)
[2022-12-04 22:43:26,688] INFO [Partition __consumer_offsets-46 broker=2] __consumer_offsets-46 starts at Leader Epoch 0 from offset 0. Previous Leader Epoch was: -1 (kafka.cluster.Partition)
[2022-12-04 22:43:26,692] INFO [Partition __consumer_offsets-43 broker=2] No checkpointed highwatermark is found for partition __consumer_offsets-43 (kafka.cluster.Partition)
[2022-12-04 22:43:26,692] INFO [Partition __consumer_offsets-43 broker=2] No checkpointed highwatermark is found for partition __consumer_offsets-43 (kafka.cluster.Partition)
[2022-12-04 22:43:26,692] INFO [Partition __consumer_offsets-43 broker=2] __consumer_offsets-43 starts at Leader Epoch 0 from offset 0. Previous Leader Epoch was: -1 (kafka.cluster.Partition)
[2022-12-04 22:43:26,692] INFO [Partition __consumer_offsets-43 broker=2] __consumer_offsets-43 starts at Leader Epoch 0 from offset 0. Previous Leader Epoch was: -1 (kafka.cluster.Partition)
[2022-12-04 22:43:26,695] INFO [Partition __consumer_offsets-40 broker=2] No checkpointed highwatermark is found for partition __consumer_offsets-40 (kafka.cluster.Partition)
[2022-12-04 22:43:26,695] INFO [Partition __consumer_offsets-40 broker=2] No checkpointed highwatermark is found for partition __consumer_offsets-40 (kafka.cluster.Partition)
[2022-12-04 22:43:26,695] INFO [Partition __consumer_offsets-40 broker=2] __consumer_offsets-40 starts at Leader Epoch 0 from offset 0. Previous Leader Epoch was: -1 (kafka.cluster.Partition)
[2022-12-04 22:43:26,695] INFO [Partition __consumer_offsets-40 broker=2] __consumer_offsets-40 starts at Leader Epoch 0 from offset 0. Previous Leader Epoch was: -1 (kafka.cluster.Partition)
[2022-12-04 22:43:26,699] INFO [Partition __consumer_offsets-37 broker=2] No checkpointed highwatermark is found for partition __consumer_offsets-37 (kafka.cluster.Partition)
[2022-12-04 22:43:26,699] INFO [Partition __consumer_offsets-37 broker=2] No checkpointed highwatermark is found for partition __consumer_offsets-37 (kafka.cluster.Partition)
[2022-12-04 22:43:26,699] INFO [Partition __consumer_offsets-37 broker=2] __consumer_offsets-37 starts at Leader Epoch 0 from offset 0. Previous Leader Epoch was: -1 (kafka.cluster.Partition)
[2022-12-04 22:43:26,699] INFO [Partition __consumer_offsets-37 broker=2] __consumer_offsets-37 starts at Leader Epoch 0 from offset 0. Previous Leader Epoch was: -1 (kafka.cluster.Partition)
[2022-12-04 22:43:26,703] INFO [Partition __consumer_offsets-34 broker=2] No checkpointed highwatermark is found for partition __consumer_offsets-34 (kafka.cluster.Partition)
[2022-12-04 22:43:26,703] INFO [Partition __consumer_offsets-34 broker=2] No checkpointed highwatermark is found for partition __consumer_offsets-34 (kafka.cluster.Partition)
[2022-12-04 22:43:26,703] INFO [Partition __consumer_offsets-34 broker=2] __consumer_offsets-34 starts at Leader Epoch 0 from offset 0. Previous Leader Epoch was: -1 (kafka.cluster.Partition)
[2022-12-04 22:43:26,703] INFO [Partition __consumer_offsets-34 broker=2] __consumer_offsets-34 starts at Leader Epoch 0 from offset 0. Previous Leader Epoch was: -1 (kafka.cluster.Partition)
[2022-12-04 22:43:26,707] INFO [Partition __consumer_offsets-31 broker=2] No checkpointed highwatermark is found for partition __consumer_offsets-31 (kafka.cluster.Partition)
[2022-12-04 22:43:26,707] INFO [Partition __consumer_offsets-31 broker=2] No checkpointed highwatermark is found for partition __consumer_offsets-31 (kafka.cluster.Partition)
[2022-12-04 22:43:26,707] INFO [Partition __consumer_offsets-31 broker=2] __consumer_offsets-31 starts at Leader Epoch 0 from offset 0. Previous Leader Epoch was: -1 (kafka.cluster.Partition)
[2022-12-04 22:43:26,707] INFO [Partition __consumer_offsets-31 broker=2] __consumer_offsets-31 starts at Leader Epoch 0 from offset 0. Previous Leader Epoch was: -1 (kafka.cluster.Partition)
[2022-12-04 22:43:26,711] INFO [Partition __consumer_offsets-19 broker=2] No checkpointed highwatermark is found for partition __consumer_offsets-19 (kafka.cluster.Partition)
[2022-12-04 22:43:26,711] INFO [Partition __consumer_offsets-19 broker=2] No checkpointed highwatermark is found for partition __consumer_offsets-19 (kafka.cluster.Partition)
[2022-12-04 22:43:26,711] INFO [Partition __consumer_offsets-19 broker=2] __consumer_offsets-19 starts at Leader Epoch 0 from offset 0. Previous Leader Epoch was: -1 (kafka.cluster.Partition)
[2022-12-04 22:43:26,711] INFO [Partition __consumer_offsets-19 broker=2] __consumer_offsets-19 starts at Leader Epoch 0 from offset 0. Previous Leader Epoch was: -1 (kafka.cluster.Partition)
[2022-12-04 22:43:26,714] INFO [Partition __consumer_offsets-28 broker=2] No checkpointed highwatermark is found for partition __consumer_offsets-28 (kafka.cluster.Partition)
[2022-12-04 22:43:26,714] INFO [Partition __consumer_offsets-28 broker=2] No checkpointed highwatermark is found for partition __consumer_offsets-28 (kafka.cluster.Partition)
[2022-12-04 22:43:26,714] INFO [Partition __consumer_offsets-28 broker=2] __consumer_offsets-28 starts at Leader Epoch 0 from offset 0. Previous Leader Epoch was: -1 (kafka.cluster.Partition)
[2022-12-04 22:43:26,714] INFO [Partition __consumer_offsets-28 broker=2] __consumer_offsets-28 starts at Leader Epoch 0 from offset 0. Previous Leader Epoch was: -1 (kafka.cluster.Partition)
[2022-12-04 22:43:26,767] INFO [Partition __consumer_offsets-25 broker=2] No checkpointed highwatermark is found for partition __consumer_offsets-25 (kafka.cluster.Partition)
[2022-12-04 22:43:26,767] INFO [Partition __consumer_offsets-25 broker=2] No checkpointed highwatermark is found for partition __consumer_offsets-25 (kafka.cluster.Partition)
[2022-12-04 22:43:26,767] INFO [Partition __consumer_offsets-25 broker=2] __consumer_offsets-25 starts at Leader Epoch 0 from offset 0. Previous Leader Epoch was: -1 (kafka.cluster.Partition)
[2022-12-04 22:43:26,767] INFO [Partition __consumer_offsets-25 broker=2] __consumer_offsets-25 starts at Leader Epoch 0 from offset 0. Previous Leader Epoch was: -1 (kafka.cluster.Partition)
[2022-12-04 22:43:26,773] INFO [Partition __consumer_offsets-16 broker=2] No checkpointed highwatermark is found for partition __consumer_offsets-16 (kafka.cluster.Partition)
[2022-12-04 22:43:26,773] INFO [Partition __consumer_offsets-16 broker=2] No checkpointed highwatermark is found for partition __consumer_offsets-16 (kafka.cluster.Partition)
[2022-12-04 22:43:26,773] INFO [Partition __consumer_offsets-16 broker=2] __consumer_offsets-16 starts at Leader Epoch 0 from offset 0. Previous Leader Epoch was: -1 (kafka.cluster.Partition)
[2022-12-04 22:43:26,773] INFO [Partition __consumer_offsets-16 broker=2] __consumer_offsets-16 starts at Leader Epoch 0 from offset 0. Previous Leader Epoch was: -1 (kafka.cluster.Partition)
[2022-12-04 22:43:26,779] INFO [Partition __consumer_offsets-22 broker=2] No checkpointed highwatermark is found for partition __consumer_offsets-22 (kafka.cluster.Partition)
[2022-12-04 22:43:26,779] INFO [Partition __consumer_offsets-22 broker=2] No checkpointed highwatermark is found for partition __consumer_offsets-22 (kafka.cluster.Partition)
[2022-12-04 22:43:26,779] INFO [Partition __consumer_offsets-22 broker=2] __consumer_offsets-22 starts at Leader Epoch 0 from offset 0. Previous Leader Epoch was: -1 (kafka.cluster.Partition)
[2022-12-04 22:43:26,779] INFO [Partition __consumer_offsets-22 broker=2] __consumer_offsets-22 starts at Leader Epoch 0 from offset 0. Previous Leader Epoch was: -1 (kafka.cluster.Partition)
[2022-12-04 22:43:26,783] INFO [Partition __consumer_offsets-13 broker=2] No checkpointed highwatermark is found for partition __consumer_offsets-13 (kafka.cluster.Partition)
[2022-12-04 22:43:26,783] INFO [Partition __consumer_offsets-13 broker=2] No checkpointed highwatermark is found for partition __consumer_offsets-13 (kafka.cluster.Partition)
[2022-12-04 22:43:26,783] INFO [Partition __consumer_offsets-13 broker=2] __consumer_offsets-13 starts at Leader Epoch 0 from offset 0. Previous Leader Epoch was: -1 (kafka.cluster.Partition)
[2022-12-04 22:43:26,783] INFO [Partition __consumer_offsets-13 broker=2] __consumer_offsets-13 starts at Leader Epoch 0 from offset 0. Previous Leader Epoch was: -1 (kafka.cluster.Partition)
[2022-12-04 22:43:26,881] WARN [Log partition=__consumer_offsets-34, dir=/dev/shm/kafka-logs] ~~~  updateLogEndOffset: messageOffset=1, activeSegment.baseOffset=0, activeSegment.size=136, timestamp=1670193806880200 (kafka.log.Log)
[2022-12-04 22:43:26,881] WARN [Log partition=__consumer_offsets-34, dir=/dev/shm/kafka-logs] ~~~  updateLogEndOffset: messageOffset=1, activeSegment.baseOffset=0, activeSegment.size=136, timestamp=1670193806880200 (kafka.log.Log)
[2022-12-04 22:43:26,884] INFO [Partition __consumer_offsets-34 broker=2] .~~~  Partition maybeincrementLeaderHW : newHW=(offset=1 segment=[0:136]),timestamp=1670193806884070 (kafka.cluster.Partition)
[2022-12-04 22:43:26,884] INFO [Partition __consumer_offsets-34 broker=2] .~~~  Partition maybeincrementLeaderHW : newHW=(offset=1 segment=[0:136]),timestamp=1670193806884070 (kafka.cluster.Partition)
