[2022-12-04 23:00:55,797] INFO [Partition testname3-0 broker=1] No checkpointed highwatermark is found for partition testname3-0 (kafka.cluster.Partition)
[2022-12-04 23:00:55,797] INFO [Partition testname3-0 broker=1] No checkpointed highwatermark is found for partition testname3-0 (kafka.cluster.Partition)
[2022-12-04 23:01:15,425] INFO [Partition __consumer_offsets-29 broker=1] No checkpointed highwatermark is found for partition __consumer_offsets-29 (kafka.cluster.Partition)
[2022-12-04 23:01:15,425] INFO [Partition __consumer_offsets-29 broker=1] No checkpointed highwatermark is found for partition __consumer_offsets-29 (kafka.cluster.Partition)
[2022-12-04 23:01:15,427] INFO [Partition __consumer_offsets-29 broker=1] __consumer_offsets-29 starts at Leader Epoch 0 from offset 0. Previous Leader Epoch was: -1 (kafka.cluster.Partition)
[2022-12-04 23:01:15,427] INFO [Partition __consumer_offsets-29 broker=1] __consumer_offsets-29 starts at Leader Epoch 0 from offset 0. Previous Leader Epoch was: -1 (kafka.cluster.Partition)
[2022-12-04 23:01:15,439] INFO [Partition __consumer_offsets-26 broker=1] No checkpointed highwatermark is found for partition __consumer_offsets-26 (kafka.cluster.Partition)
[2022-12-04 23:01:15,439] INFO [Partition __consumer_offsets-26 broker=1] No checkpointed highwatermark is found for partition __consumer_offsets-26 (kafka.cluster.Partition)
[2022-12-04 23:01:15,440] INFO [Partition __consumer_offsets-26 broker=1] __consumer_offsets-26 starts at Leader Epoch 0 from offset 0. Previous Leader Epoch was: -1 (kafka.cluster.Partition)
[2022-12-04 23:01:15,440] INFO [Partition __consumer_offsets-26 broker=1] __consumer_offsets-26 starts at Leader Epoch 0 from offset 0. Previous Leader Epoch was: -1 (kafka.cluster.Partition)
[2022-12-04 23:01:15,443] INFO [Partition __consumer_offsets-23 broker=1] No checkpointed highwatermark is found for partition __consumer_offsets-23 (kafka.cluster.Partition)
[2022-12-04 23:01:15,443] INFO [Partition __consumer_offsets-23 broker=1] No checkpointed highwatermark is found for partition __consumer_offsets-23 (kafka.cluster.Partition)
[2022-12-04 23:01:15,443] INFO [Partition __consumer_offsets-23 broker=1] __consumer_offsets-23 starts at Leader Epoch 0 from offset 0. Previous Leader Epoch was: -1 (kafka.cluster.Partition)
[2022-12-04 23:01:15,443] INFO [Partition __consumer_offsets-23 broker=1] __consumer_offsets-23 starts at Leader Epoch 0 from offset 0. Previous Leader Epoch was: -1 (kafka.cluster.Partition)
[2022-12-04 23:01:15,447] INFO [Partition __consumer_offsets-20 broker=1] No checkpointed highwatermark is found for partition __consumer_offsets-20 (kafka.cluster.Partition)
[2022-12-04 23:01:15,447] INFO [Partition __consumer_offsets-20 broker=1] No checkpointed highwatermark is found for partition __consumer_offsets-20 (kafka.cluster.Partition)
[2022-12-04 23:01:15,447] INFO [Partition __consumer_offsets-20 broker=1] __consumer_offsets-20 starts at Leader Epoch 0 from offset 0. Previous Leader Epoch was: -1 (kafka.cluster.Partition)
[2022-12-04 23:01:15,447] INFO [Partition __consumer_offsets-20 broker=1] __consumer_offsets-20 starts at Leader Epoch 0 from offset 0. Previous Leader Epoch was: -1 (kafka.cluster.Partition)
[2022-12-04 23:01:15,451] INFO [Partition __consumer_offsets-17 broker=1] No checkpointed highwatermark is found for partition __consumer_offsets-17 (kafka.cluster.Partition)
[2022-12-04 23:01:15,451] INFO [Partition __consumer_offsets-17 broker=1] No checkpointed highwatermark is found for partition __consumer_offsets-17 (kafka.cluster.Partition)
[2022-12-04 23:01:15,451] INFO [Partition __consumer_offsets-17 broker=1] __consumer_offsets-17 starts at Leader Epoch 0 from offset 0. Previous Leader Epoch was: -1 (kafka.cluster.Partition)
[2022-12-04 23:01:15,451] INFO [Partition __consumer_offsets-17 broker=1] __consumer_offsets-17 starts at Leader Epoch 0 from offset 0. Previous Leader Epoch was: -1 (kafka.cluster.Partition)
[2022-12-04 23:01:15,455] INFO [Partition __consumer_offsets-14 broker=1] No checkpointed highwatermark is found for partition __consumer_offsets-14 (kafka.cluster.Partition)
[2022-12-04 23:01:15,455] INFO [Partition __consumer_offsets-14 broker=1] No checkpointed highwatermark is found for partition __consumer_offsets-14 (kafka.cluster.Partition)
[2022-12-04 23:01:15,455] INFO [Partition __consumer_offsets-14 broker=1] __consumer_offsets-14 starts at Leader Epoch 0 from offset 0. Previous Leader Epoch was: -1 (kafka.cluster.Partition)
[2022-12-04 23:01:15,455] INFO [Partition __consumer_offsets-14 broker=1] __consumer_offsets-14 starts at Leader Epoch 0 from offset 0. Previous Leader Epoch was: -1 (kafka.cluster.Partition)
[2022-12-04 23:01:15,459] INFO [Partition __consumer_offsets-11 broker=1] No checkpointed highwatermark is found for partition __consumer_offsets-11 (kafka.cluster.Partition)
[2022-12-04 23:01:15,459] INFO [Partition __consumer_offsets-11 broker=1] No checkpointed highwatermark is found for partition __consumer_offsets-11 (kafka.cluster.Partition)
[2022-12-04 23:01:15,459] INFO [Partition __consumer_offsets-11 broker=1] __consumer_offsets-11 starts at Leader Epoch 0 from offset 0. Previous Leader Epoch was: -1 (kafka.cluster.Partition)
[2022-12-04 23:01:15,459] INFO [Partition __consumer_offsets-11 broker=1] __consumer_offsets-11 starts at Leader Epoch 0 from offset 0. Previous Leader Epoch was: -1 (kafka.cluster.Partition)
[2022-12-04 23:01:15,462] INFO [Partition __consumer_offsets-8 broker=1] No checkpointed highwatermark is found for partition __consumer_offsets-8 (kafka.cluster.Partition)
[2022-12-04 23:01:15,462] INFO [Partition __consumer_offsets-8 broker=1] No checkpointed highwatermark is found for partition __consumer_offsets-8 (kafka.cluster.Partition)
[2022-12-04 23:01:15,462] INFO [Partition __consumer_offsets-8 broker=1] __consumer_offsets-8 starts at Leader Epoch 0 from offset 0. Previous Leader Epoch was: -1 (kafka.cluster.Partition)
[2022-12-04 23:01:15,462] INFO [Partition __consumer_offsets-8 broker=1] __consumer_offsets-8 starts at Leader Epoch 0 from offset 0. Previous Leader Epoch was: -1 (kafka.cluster.Partition)
[2022-12-04 23:01:15,465] INFO [Partition __consumer_offsets-5 broker=1] No checkpointed highwatermark is found for partition __consumer_offsets-5 (kafka.cluster.Partition)
[2022-12-04 23:01:15,465] INFO [Partition __consumer_offsets-5 broker=1] No checkpointed highwatermark is found for partition __consumer_offsets-5 (kafka.cluster.Partition)
[2022-12-04 23:01:15,465] INFO [Partition __consumer_offsets-5 broker=1] __consumer_offsets-5 starts at Leader Epoch 0 from offset 0. Previous Leader Epoch was: -1 (kafka.cluster.Partition)
[2022-12-04 23:01:15,465] INFO [Partition __consumer_offsets-5 broker=1] __consumer_offsets-5 starts at Leader Epoch 0 from offset 0. Previous Leader Epoch was: -1 (kafka.cluster.Partition)
[2022-12-04 23:01:15,468] INFO [Partition __consumer_offsets-2 broker=1] No checkpointed highwatermark is found for partition __consumer_offsets-2 (kafka.cluster.Partition)
[2022-12-04 23:01:15,468] INFO [Partition __consumer_offsets-2 broker=1] No checkpointed highwatermark is found for partition __consumer_offsets-2 (kafka.cluster.Partition)
[2022-12-04 23:01:15,468] INFO [Partition __consumer_offsets-2 broker=1] __consumer_offsets-2 starts at Leader Epoch 0 from offset 0. Previous Leader Epoch was: -1 (kafka.cluster.Partition)
[2022-12-04 23:01:15,468] INFO [Partition __consumer_offsets-2 broker=1] __consumer_offsets-2 starts at Leader Epoch 0 from offset 0. Previous Leader Epoch was: -1 (kafka.cluster.Partition)
[2022-12-04 23:01:15,471] INFO [Partition __consumer_offsets-47 broker=1] No checkpointed highwatermark is found for partition __consumer_offsets-47 (kafka.cluster.Partition)
[2022-12-04 23:01:15,471] INFO [Partition __consumer_offsets-47 broker=1] No checkpointed highwatermark is found for partition __consumer_offsets-47 (kafka.cluster.Partition)
[2022-12-04 23:01:15,471] INFO [Partition __consumer_offsets-47 broker=1] __consumer_offsets-47 starts at Leader Epoch 0 from offset 0. Previous Leader Epoch was: -1 (kafka.cluster.Partition)
[2022-12-04 23:01:15,471] INFO [Partition __consumer_offsets-47 broker=1] __consumer_offsets-47 starts at Leader Epoch 0 from offset 0. Previous Leader Epoch was: -1 (kafka.cluster.Partition)
[2022-12-04 23:01:15,474] INFO [Partition __consumer_offsets-38 broker=1] No checkpointed highwatermark is found for partition __consumer_offsets-38 (kafka.cluster.Partition)
[2022-12-04 23:01:15,474] INFO [Partition __consumer_offsets-38 broker=1] No checkpointed highwatermark is found for partition __consumer_offsets-38 (kafka.cluster.Partition)
[2022-12-04 23:01:15,474] INFO [Partition __consumer_offsets-38 broker=1] __consumer_offsets-38 starts at Leader Epoch 0 from offset 0. Previous Leader Epoch was: -1 (kafka.cluster.Partition)
[2022-12-04 23:01:15,474] INFO [Partition __consumer_offsets-38 broker=1] __consumer_offsets-38 starts at Leader Epoch 0 from offset 0. Previous Leader Epoch was: -1 (kafka.cluster.Partition)
[2022-12-04 23:01:15,478] INFO [Partition __consumer_offsets-35 broker=1] No checkpointed highwatermark is found for partition __consumer_offsets-35 (kafka.cluster.Partition)
[2022-12-04 23:01:15,478] INFO [Partition __consumer_offsets-35 broker=1] No checkpointed highwatermark is found for partition __consumer_offsets-35 (kafka.cluster.Partition)
[2022-12-04 23:01:15,478] INFO [Partition __consumer_offsets-35 broker=1] __consumer_offsets-35 starts at Leader Epoch 0 from offset 0. Previous Leader Epoch was: -1 (kafka.cluster.Partition)
[2022-12-04 23:01:15,478] INFO [Partition __consumer_offsets-35 broker=1] __consumer_offsets-35 starts at Leader Epoch 0 from offset 0. Previous Leader Epoch was: -1 (kafka.cluster.Partition)
[2022-12-04 23:01:15,481] INFO [Partition __consumer_offsets-44 broker=1] No checkpointed highwatermark is found for partition __consumer_offsets-44 (kafka.cluster.Partition)
[2022-12-04 23:01:15,481] INFO [Partition __consumer_offsets-44 broker=1] No checkpointed highwatermark is found for partition __consumer_offsets-44 (kafka.cluster.Partition)
[2022-12-04 23:01:15,481] INFO [Partition __consumer_offsets-44 broker=1] __consumer_offsets-44 starts at Leader Epoch 0 from offset 0. Previous Leader Epoch was: -1 (kafka.cluster.Partition)
[2022-12-04 23:01:15,481] INFO [Partition __consumer_offsets-44 broker=1] __consumer_offsets-44 starts at Leader Epoch 0 from offset 0. Previous Leader Epoch was: -1 (kafka.cluster.Partition)
[2022-12-04 23:01:15,515] INFO [Partition __consumer_offsets-32 broker=1] No checkpointed highwatermark is found for partition __consumer_offsets-32 (kafka.cluster.Partition)
[2022-12-04 23:01:15,515] INFO [Partition __consumer_offsets-32 broker=1] No checkpointed highwatermark is found for partition __consumer_offsets-32 (kafka.cluster.Partition)
[2022-12-04 23:01:15,515] INFO [Partition __consumer_offsets-32 broker=1] __consumer_offsets-32 starts at Leader Epoch 0 from offset 0. Previous Leader Epoch was: -1 (kafka.cluster.Partition)
[2022-12-04 23:01:15,515] INFO [Partition __consumer_offsets-32 broker=1] __consumer_offsets-32 starts at Leader Epoch 0 from offset 0. Previous Leader Epoch was: -1 (kafka.cluster.Partition)
[2022-12-04 23:01:15,521] INFO [Partition __consumer_offsets-41 broker=1] No checkpointed highwatermark is found for partition __consumer_offsets-41 (kafka.cluster.Partition)
[2022-12-04 23:01:15,521] INFO [Partition __consumer_offsets-41 broker=1] No checkpointed highwatermark is found for partition __consumer_offsets-41 (kafka.cluster.Partition)
[2022-12-04 23:01:15,521] INFO [Partition __consumer_offsets-41 broker=1] __consumer_offsets-41 starts at Leader Epoch 0 from offset 0. Previous Leader Epoch was: -1 (kafka.cluster.Partition)
[2022-12-04 23:01:15,521] INFO [Partition __consumer_offsets-41 broker=1] __consumer_offsets-41 starts at Leader Epoch 0 from offset 0. Previous Leader Epoch was: -1 (kafka.cluster.Partition)
[2022-12-04 23:01:15,679] WARN [Log partition=__consumer_offsets-23, dir=/dev/shm/kafka-logs] ~~~  updateLogEndOffset: messageOffset=1, activeSegment.baseOffset=0, activeSegment.size=136, timestamp=1670194875678847 (kafka.log.Log)
[2022-12-04 23:01:15,679] WARN [Log partition=__consumer_offsets-23, dir=/dev/shm/kafka-logs] ~~~  updateLogEndOffset: messageOffset=1, activeSegment.baseOffset=0, activeSegment.size=136, timestamp=1670194875678847 (kafka.log.Log)
[2022-12-04 23:01:15,682] INFO [Partition __consumer_offsets-23 broker=1] .~~~  Partition maybeincrementLeaderHW : newHW=(offset=1 segment=[0:136]),timestamp=1670194875681888 (kafka.cluster.Partition)
[2022-12-04 23:01:15,682] INFO [Partition __consumer_offsets-23 broker=1] .~~~  Partition maybeincrementLeaderHW : newHW=(offset=1 segment=[0:136]),timestamp=1670194875681888 (kafka.cluster.Partition)
