[2022-12-05 04:47:49,449] INFO [Partition testname3-0 broker=0] No checkpointed highwatermark is found for partition testname3-0 (kafka.cluster.Partition)
[2022-12-05 04:47:49,449] INFO [Partition testname3-0 broker=0] No checkpointed highwatermark is found for partition testname3-0 (kafka.cluster.Partition)
[2022-12-05 04:48:04,102] INFO [KafkaApi-0] Auto creation of topic __consumer_offsets with 50 partitions and replication factor 1 is successful (kafka.server.KafkaApis)
[2022-12-05 04:48:04,102] INFO [KafkaApi-0] Auto creation of topic __consumer_offsets with 50 partitions and replication factor 1 is successful (kafka.server.KafkaApis)
[2022-12-05 04:48:04,418] INFO [Partition __consumer_offsets-29 broker=0] No checkpointed highwatermark is found for partition __consumer_offsets-29 (kafka.cluster.Partition)
[2022-12-05 04:48:04,418] INFO [Partition __consumer_offsets-29 broker=0] No checkpointed highwatermark is found for partition __consumer_offsets-29 (kafka.cluster.Partition)
[2022-12-05 04:48:04,419] INFO [Partition __consumer_offsets-29 broker=0] __consumer_offsets-29 starts at Leader Epoch 0 from offset 0. Previous Leader Epoch was: -1 (kafka.cluster.Partition)
[2022-12-05 04:48:04,419] INFO [Partition __consumer_offsets-29 broker=0] __consumer_offsets-29 starts at Leader Epoch 0 from offset 0. Previous Leader Epoch was: -1 (kafka.cluster.Partition)
[2022-12-05 04:48:04,431] INFO [Partition __consumer_offsets-26 broker=0] No checkpointed highwatermark is found for partition __consumer_offsets-26 (kafka.cluster.Partition)
[2022-12-05 04:48:04,431] INFO [Partition __consumer_offsets-26 broker=0] No checkpointed highwatermark is found for partition __consumer_offsets-26 (kafka.cluster.Partition)
[2022-12-05 04:48:04,431] INFO [Partition __consumer_offsets-26 broker=0] __consumer_offsets-26 starts at Leader Epoch 0 from offset 0. Previous Leader Epoch was: -1 (kafka.cluster.Partition)
[2022-12-05 04:48:04,431] INFO [Partition __consumer_offsets-26 broker=0] __consumer_offsets-26 starts at Leader Epoch 0 from offset 0. Previous Leader Epoch was: -1 (kafka.cluster.Partition)
[2022-12-05 04:48:04,458] INFO [Partition __consumer_offsets-23 broker=0] No checkpointed highwatermark is found for partition __consumer_offsets-23 (kafka.cluster.Partition)
[2022-12-05 04:48:04,458] INFO [Partition __consumer_offsets-23 broker=0] No checkpointed highwatermark is found for partition __consumer_offsets-23 (kafka.cluster.Partition)
[2022-12-05 04:48:04,459] INFO [Partition __consumer_offsets-23 broker=0] __consumer_offsets-23 starts at Leader Epoch 0 from offset 0. Previous Leader Epoch was: -1 (kafka.cluster.Partition)
[2022-12-05 04:48:04,459] INFO [Partition __consumer_offsets-23 broker=0] __consumer_offsets-23 starts at Leader Epoch 0 from offset 0. Previous Leader Epoch was: -1 (kafka.cluster.Partition)
[2022-12-05 04:48:04,465] INFO [Partition __consumer_offsets-20 broker=0] No checkpointed highwatermark is found for partition __consumer_offsets-20 (kafka.cluster.Partition)
[2022-12-05 04:48:04,465] INFO [Partition __consumer_offsets-20 broker=0] No checkpointed highwatermark is found for partition __consumer_offsets-20 (kafka.cluster.Partition)
[2022-12-05 04:48:04,465] INFO [Partition __consumer_offsets-20 broker=0] __consumer_offsets-20 starts at Leader Epoch 0 from offset 0. Previous Leader Epoch was: -1 (kafka.cluster.Partition)
[2022-12-05 04:48:04,465] INFO [Partition __consumer_offsets-20 broker=0] __consumer_offsets-20 starts at Leader Epoch 0 from offset 0. Previous Leader Epoch was: -1 (kafka.cluster.Partition)
[2022-12-05 04:48:04,471] INFO [Partition __consumer_offsets-17 broker=0] No checkpointed highwatermark is found for partition __consumer_offsets-17 (kafka.cluster.Partition)
[2022-12-05 04:48:04,471] INFO [Partition __consumer_offsets-17 broker=0] No checkpointed highwatermark is found for partition __consumer_offsets-17 (kafka.cluster.Partition)
[2022-12-05 04:48:04,471] INFO [Partition __consumer_offsets-17 broker=0] __consumer_offsets-17 starts at Leader Epoch 0 from offset 0. Previous Leader Epoch was: -1 (kafka.cluster.Partition)
[2022-12-05 04:48:04,471] INFO [Partition __consumer_offsets-17 broker=0] __consumer_offsets-17 starts at Leader Epoch 0 from offset 0. Previous Leader Epoch was: -1 (kafka.cluster.Partition)
[2022-12-05 04:48:04,475] INFO [Partition __consumer_offsets-14 broker=0] No checkpointed highwatermark is found for partition __consumer_offsets-14 (kafka.cluster.Partition)
[2022-12-05 04:48:04,475] INFO [Partition __consumer_offsets-14 broker=0] No checkpointed highwatermark is found for partition __consumer_offsets-14 (kafka.cluster.Partition)
[2022-12-05 04:48:04,475] INFO [Partition __consumer_offsets-14 broker=0] __consumer_offsets-14 starts at Leader Epoch 0 from offset 0. Previous Leader Epoch was: -1 (kafka.cluster.Partition)
[2022-12-05 04:48:04,475] INFO [Partition __consumer_offsets-14 broker=0] __consumer_offsets-14 starts at Leader Epoch 0 from offset 0. Previous Leader Epoch was: -1 (kafka.cluster.Partition)
[2022-12-05 04:48:04,479] INFO [Partition __consumer_offsets-11 broker=0] No checkpointed highwatermark is found for partition __consumer_offsets-11 (kafka.cluster.Partition)
[2022-12-05 04:48:04,479] INFO [Partition __consumer_offsets-11 broker=0] No checkpointed highwatermark is found for partition __consumer_offsets-11 (kafka.cluster.Partition)
[2022-12-05 04:48:04,480] INFO [Partition __consumer_offsets-11 broker=0] __consumer_offsets-11 starts at Leader Epoch 0 from offset 0. Previous Leader Epoch was: -1 (kafka.cluster.Partition)
[2022-12-05 04:48:04,480] INFO [Partition __consumer_offsets-11 broker=0] __consumer_offsets-11 starts at Leader Epoch 0 from offset 0. Previous Leader Epoch was: -1 (kafka.cluster.Partition)
[2022-12-05 04:48:04,483] INFO [Partition __consumer_offsets-8 broker=0] No checkpointed highwatermark is found for partition __consumer_offsets-8 (kafka.cluster.Partition)
[2022-12-05 04:48:04,483] INFO [Partition __consumer_offsets-8 broker=0] No checkpointed highwatermark is found for partition __consumer_offsets-8 (kafka.cluster.Partition)
[2022-12-05 04:48:04,483] INFO [Partition __consumer_offsets-8 broker=0] __consumer_offsets-8 starts at Leader Epoch 0 from offset 0. Previous Leader Epoch was: -1 (kafka.cluster.Partition)
[2022-12-05 04:48:04,483] INFO [Partition __consumer_offsets-8 broker=0] __consumer_offsets-8 starts at Leader Epoch 0 from offset 0. Previous Leader Epoch was: -1 (kafka.cluster.Partition)
[2022-12-05 04:48:04,486] INFO [Partition __consumer_offsets-5 broker=0] No checkpointed highwatermark is found for partition __consumer_offsets-5 (kafka.cluster.Partition)
[2022-12-05 04:48:04,486] INFO [Partition __consumer_offsets-5 broker=0] No checkpointed highwatermark is found for partition __consumer_offsets-5 (kafka.cluster.Partition)
[2022-12-05 04:48:04,486] INFO [Partition __consumer_offsets-5 broker=0] __consumer_offsets-5 starts at Leader Epoch 0 from offset 0. Previous Leader Epoch was: -1 (kafka.cluster.Partition)
[2022-12-05 04:48:04,486] INFO [Partition __consumer_offsets-5 broker=0] __consumer_offsets-5 starts at Leader Epoch 0 from offset 0. Previous Leader Epoch was: -1 (kafka.cluster.Partition)
[2022-12-05 04:48:04,488] INFO [Partition __consumer_offsets-2 broker=0] No checkpointed highwatermark is found for partition __consumer_offsets-2 (kafka.cluster.Partition)
[2022-12-05 04:48:04,488] INFO [Partition __consumer_offsets-2 broker=0] No checkpointed highwatermark is found for partition __consumer_offsets-2 (kafka.cluster.Partition)
[2022-12-05 04:48:04,489] INFO [Partition __consumer_offsets-2 broker=0] __consumer_offsets-2 starts at Leader Epoch 0 from offset 0. Previous Leader Epoch was: -1 (kafka.cluster.Partition)
[2022-12-05 04:48:04,489] INFO [Partition __consumer_offsets-2 broker=0] __consumer_offsets-2 starts at Leader Epoch 0 from offset 0. Previous Leader Epoch was: -1 (kafka.cluster.Partition)
[2022-12-05 04:48:04,492] INFO [Partition __consumer_offsets-47 broker=0] No checkpointed highwatermark is found for partition __consumer_offsets-47 (kafka.cluster.Partition)
[2022-12-05 04:48:04,492] INFO [Partition __consumer_offsets-47 broker=0] No checkpointed highwatermark is found for partition __consumer_offsets-47 (kafka.cluster.Partition)
[2022-12-05 04:48:04,492] INFO [Partition __consumer_offsets-47 broker=0] __consumer_offsets-47 starts at Leader Epoch 0 from offset 0. Previous Leader Epoch was: -1 (kafka.cluster.Partition)
[2022-12-05 04:48:04,492] INFO [Partition __consumer_offsets-47 broker=0] __consumer_offsets-47 starts at Leader Epoch 0 from offset 0. Previous Leader Epoch was: -1 (kafka.cluster.Partition)
[2022-12-05 04:48:04,495] INFO [Partition __consumer_offsets-38 broker=0] No checkpointed highwatermark is found for partition __consumer_offsets-38 (kafka.cluster.Partition)
[2022-12-05 04:48:04,495] INFO [Partition __consumer_offsets-38 broker=0] No checkpointed highwatermark is found for partition __consumer_offsets-38 (kafka.cluster.Partition)
[2022-12-05 04:48:04,495] INFO [Partition __consumer_offsets-38 broker=0] __consumer_offsets-38 starts at Leader Epoch 0 from offset 0. Previous Leader Epoch was: -1 (kafka.cluster.Partition)
[2022-12-05 04:48:04,495] INFO [Partition __consumer_offsets-38 broker=0] __consumer_offsets-38 starts at Leader Epoch 0 from offset 0. Previous Leader Epoch was: -1 (kafka.cluster.Partition)
[2022-12-05 04:48:04,498] INFO [Partition __consumer_offsets-35 broker=0] No checkpointed highwatermark is found for partition __consumer_offsets-35 (kafka.cluster.Partition)
[2022-12-05 04:48:04,498] INFO [Partition __consumer_offsets-35 broker=0] No checkpointed highwatermark is found for partition __consumer_offsets-35 (kafka.cluster.Partition)
[2022-12-05 04:48:04,498] INFO [Partition __consumer_offsets-35 broker=0] __consumer_offsets-35 starts at Leader Epoch 0 from offset 0. Previous Leader Epoch was: -1 (kafka.cluster.Partition)
[2022-12-05 04:48:04,498] INFO [Partition __consumer_offsets-35 broker=0] __consumer_offsets-35 starts at Leader Epoch 0 from offset 0. Previous Leader Epoch was: -1 (kafka.cluster.Partition)
[2022-12-05 04:48:04,502] INFO [Partition __consumer_offsets-44 broker=0] No checkpointed highwatermark is found for partition __consumer_offsets-44 (kafka.cluster.Partition)
[2022-12-05 04:48:04,502] INFO [Partition __consumer_offsets-44 broker=0] No checkpointed highwatermark is found for partition __consumer_offsets-44 (kafka.cluster.Partition)
[2022-12-05 04:48:04,502] INFO [Partition __consumer_offsets-44 broker=0] __consumer_offsets-44 starts at Leader Epoch 0 from offset 0. Previous Leader Epoch was: -1 (kafka.cluster.Partition)
[2022-12-05 04:48:04,502] INFO [Partition __consumer_offsets-44 broker=0] __consumer_offsets-44 starts at Leader Epoch 0 from offset 0. Previous Leader Epoch was: -1 (kafka.cluster.Partition)
[2022-12-05 04:48:04,506] INFO [Partition __consumer_offsets-32 broker=0] No checkpointed highwatermark is found for partition __consumer_offsets-32 (kafka.cluster.Partition)
[2022-12-05 04:48:04,506] INFO [Partition __consumer_offsets-32 broker=0] No checkpointed highwatermark is found for partition __consumer_offsets-32 (kafka.cluster.Partition)
[2022-12-05 04:48:04,506] INFO [Partition __consumer_offsets-32 broker=0] __consumer_offsets-32 starts at Leader Epoch 0 from offset 0. Previous Leader Epoch was: -1 (kafka.cluster.Partition)
[2022-12-05 04:48:04,506] INFO [Partition __consumer_offsets-32 broker=0] __consumer_offsets-32 starts at Leader Epoch 0 from offset 0. Previous Leader Epoch was: -1 (kafka.cluster.Partition)
[2022-12-05 04:48:04,510] INFO [Partition __consumer_offsets-41 broker=0] No checkpointed highwatermark is found for partition __consumer_offsets-41 (kafka.cluster.Partition)
[2022-12-05 04:48:04,510] INFO [Partition __consumer_offsets-41 broker=0] No checkpointed highwatermark is found for partition __consumer_offsets-41 (kafka.cluster.Partition)
[2022-12-05 04:48:04,510] INFO [Partition __consumer_offsets-41 broker=0] __consumer_offsets-41 starts at Leader Epoch 0 from offset 0. Previous Leader Epoch was: -1 (kafka.cluster.Partition)
[2022-12-05 04:48:04,510] INFO [Partition __consumer_offsets-41 broker=0] __consumer_offsets-41 starts at Leader Epoch 0 from offset 0. Previous Leader Epoch was: -1 (kafka.cluster.Partition)
[2022-12-05 04:48:04,717] WARN [Log partition=__consumer_offsets-32, dir=/dev/shm/kafka-logs] ~~~  updateLogEndOffset: messageOffset=1, activeSegment.baseOffset=0, activeSegment.size=136, timestamp=1670215684716428 (kafka.log.Log)
[2022-12-05 04:48:04,717] WARN [Log partition=__consumer_offsets-32, dir=/dev/shm/kafka-logs] ~~~  updateLogEndOffset: messageOffset=1, activeSegment.baseOffset=0, activeSegment.size=136, timestamp=1670215684716428 (kafka.log.Log)
[2022-12-05 04:48:04,719] INFO [Partition __consumer_offsets-32 broker=0] .~~~  Partition maybeincrementLeaderHW : newHW=(offset=1 segment=[0:136]),timestamp=1670215684719572 (kafka.cluster.Partition)
[2022-12-05 04:48:04,719] INFO [Partition __consumer_offsets-32 broker=0] .~~~  Partition maybeincrementLeaderHW : newHW=(offset=1 segment=[0:136]),timestamp=1670215684719572 (kafka.cluster.Partition)
